[0.014s] Invoking command in '/home/ito/boot_shutdown_tools/build/boot_shutdown_api_msgs': CMAKE_PREFIX_PATH=/opt/ros/galactic /usr/bin/cmake /home/ito/boot_shutdown_tools/boot_shutdown_api_msgs -DCMAKE_BUILD_TYPE=Release -DAMENT_CMAKE_SYMLINK_INSTALL=1 -DCMAKE_INSTALL_PREFIX=/home/ito/boot_shutdown_tools/install/boot_shutdown_api_msgs
[0.124s] -- The C compiler identification is GNU 9.4.0
[0.248s] -- The CXX compiler identification is GNU 9.4.0
[0.253s] -- Check for working C compiler: /usr/bin/cc
[0.307s] -- Check for working C compiler: /usr/bin/cc -- works
[0.308s] -- Detecting C compiler ABI info
[0.369s] -- Detecting C compiler ABI info - done
[0.383s] -- Detecting C compile features
[0.383s] -- Detecting C compile features - done
[0.386s] -- Check for working CXX compiler: /usr/bin/c++
[0.445s] -- Check for working CXX compiler: /usr/bin/c++ -- works
[0.446s] -- Detecting CXX compiler ABI info
[0.514s] -- Detecting CXX compiler ABI info - done
[0.529s] -- Detecting CXX compile features
[0.530s] -- Detecting CXX compile features - done
[0.534s] -- Found ament_cmake_auto: 1.1.5 (/opt/ros/galactic/share/ament_cmake_auto/cmake)
[0.572s] -- Found PythonInterp: /usr/bin/python3 (found suitable version "3.8.10", minimum required is "3") 
[0.572s] -- Using PYTHON_EXECUTABLE: /usr/bin/python3
[0.626s] -- Override CMake install command with custom implementation using symlinks instead of copying resources
[0.716s] -- Using all available rosidl_typesupport_c: rosidl_typesupport_fastrtps_c;rosidl_typesupport_introspection_c
[0.723s] -- Found rosidl_adapter: 2.2.2 (/opt/ros/galactic/share/rosidl_adapter/cmake)
[0.789s] -- Found OpenSSL: /usr/lib/x86_64-linux-gnu/libcrypto.so (found version "1.1.1f")  
[0.813s] -- Found FastRTPS: /opt/ros/galactic/include  
[0.880s] -- Using all available rosidl_typesupport_cpp: rosidl_typesupport_fastrtps_cpp;rosidl_typesupport_introspection_cpp
[0.941s] -- Found PythonInterp: /usr/bin/python3 (found version "3.8.10") 
[1.006s] CMake Error at /opt/ros/galactic/share/rosidl_cmake/cmake/rosidl_generate_interfaces.cmake:162 (message):
[1.006s]   rosidl_generate_interfaces() the passed dependency 'autoware_adapi_v1_msgs'
[1.006s]   has not been found before using find_package()
[1.006s] Call Stack (most recent call first):
[1.006s]   CMakeLists.txt:17 (rosidl_generate_interfaces)
[1.006s] 
[1.006s] 
[1.007s] -- Configuring incomplete, errors occurred!
[1.007s] See also "/home/ito/boot_shutdown_tools/build/boot_shutdown_api_msgs/CMakeFiles/CMakeOutput.log".
[1.012s] Invoked command in '/home/ito/boot_shutdown_tools/build/boot_shutdown_api_msgs' returned '1': CMAKE_PREFIX_PATH=/opt/ros/galactic /usr/bin/cmake /home/ito/boot_shutdown_tools/boot_shutdown_api_msgs -DCMAKE_BUILD_TYPE=Release -DAMENT_CMAKE_SYMLINK_INSTALL=1 -DCMAKE_INSTALL_PREFIX=/home/ito/boot_shutdown_tools/install/boot_shutdown_api_msgs
