[  1%] Built target boot_shutdown_api_msgs__cpp
[ 12%] Built target boot_shutdown_api_msgs__rosidl_generator_c
[ 34%] Built target boot_shutdown_api_msgs__rosidl_typesupport_c
[ 34%] Built target boot_shutdown_api_msgs__rosidl_typesupport_cpp
[ 46%] Built target boot_shutdown_api_msgs__rosidl_typesupport_introspection_c
[ 57%] Built target boot_shutdown_api_msgs__rosidl_typesupport_introspection_cpp
[ 68%] Built target boot_shutdown_api_msgs__rosidl_typesupport_fastrtps_cpp
[ 79%] Built target boot_shutdown_api_msgs__rosidl_typesupport_fastrtps_c
[ 79%] Built target boot_shutdown_api_msgs
[ 80%] Built target boot_shutdown_api_msgs__py
[ 90%] Built target boot_shutdown_api_msgs__python
[ 96%] Built target boot_shutdown_api_msgs__rosidl_typesupport_fastrtps_c__pyext
[ 96%] Built target boot_shutdown_api_msgs__rosidl_typesupport_introspection_c__pyext
[100%] Built target boot_shutdown_api_msgs__rosidl_typesupport_c__pyext
-- Install configuration: "Release"
-- Execute custom install script
-- Up-to-date symlink: /home/ito/boot_shutdown_tools/install/boot_shutdown_api_msgs/share/ament_index/resource_index/rosidl_interfaces/boot_shutdown_api_msgs
-- Up-to-date symlink: /home/ito/boot_shutdown_tools/install/boot_shutdown_api_msgs/include/boot_shutdown_api_msgs/msg/detail/ecu_state__functions.h
-- Up-to-date symlink: /home/ito/boot_shutdown_tools/install/boot_shutdown_api_msgs/include/boot_shutdown_api_msgs/msg/detail/ecu_state__struct.h
-- Up-to-date symlink: /home/ito/boot_shutdown_tools/install/boot_shutdown_api_msgs/include/boot_shutdown_api_msgs/msg/detail/ecu_state__type_support.h
-- Up-to-date symlink: /home/ito/boot_shutdown_tools/install/boot_shutdown_api_msgs/include/boot_shutdown_api_msgs/msg/detail/ecu_state_summary__functions.h
-- Up-to-date symlink: /home/ito/boot_shutdown_tools/install/boot_shutdown_api_msgs/include/boot_shutdown_api_msgs/msg/detail/ecu_state_summary__struct.h
-- Up-to-date symlink: /home/ito/boot_shutdown_tools/install/boot_shutdown_api_msgs/include/boot_shutdown_api_msgs/msg/detail/ecu_state_summary__type_support.h
-- Up-to-date symlink: /home/ito/boot_shutdown_tools/install/boot_shutdown_api_msgs/include/boot_shutdown_api_msgs/msg/ecu_state.h
-- Up-to-date symlink: /home/ito/boot_shutdown_tools/install/boot_shutdown_api_msgs/include/boot_shutdown_api_msgs/msg/ecu_state_summary.h
-- Up-to-date symlink: /home/ito/boot_shutdown_tools/install/boot_shutdown_api_msgs/include/boot_shutdown_api_msgs/msg/rosidl_generator_c__visibility_control.h
-- Up-to-date symlink: /home/ito/boot_shutdown_tools/install/boot_shutdown_api_msgs/include/boot_shutdown_api_msgs/srv/detail/execute_shutdown__functions.h
-- Up-to-date symlink: /home/ito/boot_shutdown_tools/install/boot_shutdown_api_msgs/include/boot_shutdown_api_msgs/srv/detail/execute_shutdown__struct.h
-- Up-to-date symlink: /home/ito/boot_shutdown_tools/install/boot_shutdown_api_msgs/include/boot_shutdown_api_msgs/srv/detail/execute_shutdown__type_support.h
-- Up-to-date symlink: /home/ito/boot_shutdown_tools/install/boot_shutdown_api_msgs/include/boot_shutdown_api_msgs/srv/detail/prepare_shutdown__functions.h
-- Up-to-date symlink: /home/ito/boot_shutdown_tools/install/boot_shutdown_api_msgs/include/boot_shutdown_api_msgs/srv/detail/prepare_shutdown__struct.h
-- Up-to-date symlink: /home/ito/boot_shutdown_tools/install/boot_shutdown_api_msgs/include/boot_shutdown_api_msgs/srv/detail/prepare_shutdown__type_support.h
-- Up-to-date symlink: /home/ito/boot_shutdown_tools/install/boot_shutdown_api_msgs/include/boot_shutdown_api_msgs/srv/detail/shutdown__functions.h
-- Up-to-date symlink: /home/ito/boot_shutdown_tools/install/boot_shutdown_api_msgs/include/boot_shutdown_api_msgs/srv/detail/shutdown__struct.h
-- Up-to-date symlink: /home/ito/boot_shutdown_tools/install/boot_shutdown_api_msgs/include/boot_shutdown_api_msgs/srv/detail/shutdown__type_support.h
-- Up-to-date symlink: /home/ito/boot_shutdown_tools/install/boot_shutdown_api_msgs/include/boot_shutdown_api_msgs/srv/execute_shutdown.h
-- Up-to-date symlink: /home/ito/boot_shutdown_tools/install/boot_shutdown_api_msgs/include/boot_shutdown_api_msgs/srv/prepare_shutdown.h
-- Up-to-date symlink: /home/ito/boot_shutdown_tools/install/boot_shutdown_api_msgs/include/boot_shutdown_api_msgs/srv/shutdown.h
-- Up-to-date symlink: /home/ito/boot_shutdown_tools/install/boot_shutdown_api_msgs/share/boot_shutdown_api_msgs/environment/library_path.sh
-- Up-to-date symlink: /home/ito/boot_shutdown_tools/install/boot_shutdown_api_msgs/share/boot_shutdown_api_msgs/environment/library_path.dsv
-- Up-to-date symlink: /home/ito/boot_shutdown_tools/install/boot_shutdown_api_msgs/include/boot_shutdown_api_msgs/msg/detail/ecu_state__rosidl_typesupport_fastrtps_c.h
-- Up-to-date symlink: /home/ito/boot_shutdown_tools/install/boot_shutdown_api_msgs/include/boot_shutdown_api_msgs/msg/detail/ecu_state_summary__rosidl_typesupport_fastrtps_c.h
-- Up-to-date symlink: /home/ito/boot_shutdown_tools/install/boot_shutdown_api_msgs/include/boot_shutdown_api_msgs/msg/rosidl_typesupport_fastrtps_c__visibility_control.h
-- Up-to-date symlink: /home/ito/boot_shutdown_tools/install/boot_shutdown_api_msgs/include/boot_shutdown_api_msgs/srv/detail/execute_shutdown__rosidl_typesupport_fastrtps_c.h
-- Up-to-date symlink: /home/ito/boot_shutdown_tools/install/boot_shutdown_api_msgs/include/boot_shutdown_api_msgs/srv/detail/prepare_shutdown__rosidl_typesupport_fastrtps_c.h
-- Up-to-date symlink: /home/ito/boot_shutdown_tools/install/boot_shutdown_api_msgs/include/boot_shutdown_api_msgs/srv/detail/shutdown__rosidl_typesupport_fastrtps_c.h
-- Up-to-date symlink: /home/ito/boot_shutdown_tools/install/boot_shutdown_api_msgs/lib/libboot_shutdown_api_msgs__rosidl_typesupport_fastrtps_c.so
-- Up-to-date symlink: /home/ito/boot_shutdown_tools/install/boot_shutdown_api_msgs/include/boot_shutdown_api_msgs/msg/detail/ecu_state__rosidl_typesupport_fastrtps_cpp.hpp
-- Up-to-date symlink: /home/ito/boot_shutdown_tools/install/boot_shutdown_api_msgs/include/boot_shutdown_api_msgs/msg/detail/ecu_state_summary__rosidl_typesupport_fastrtps_cpp.hpp
-- Up-to-date symlink: /home/ito/boot_shutdown_tools/install/boot_shutdown_api_msgs/include/boot_shutdown_api_msgs/msg/rosidl_typesupport_fastrtps_cpp__visibility_control.h
-- Up-to-date symlink: /home/ito/boot_shutdown_tools/install/boot_shutdown_api_msgs/include/boot_shutdown_api_msgs/srv/detail/execute_shutdown__rosidl_typesupport_fastrtps_cpp.hpp
-- Up-to-date symlink: /home/ito/boot_shutdown_tools/install/boot_shutdown_api_msgs/include/boot_shutdown_api_msgs/srv/detail/prepare_shutdown__rosidl_typesupport_fastrtps_cpp.hpp
-- Up-to-date symlink: /home/ito/boot_shutdown_tools/install/boot_shutdown_api_msgs/include/boot_shutdown_api_msgs/srv/detail/shutdown__rosidl_typesupport_fastrtps_cpp.hpp
-- Up-to-date symlink: /home/ito/boot_shutdown_tools/install/boot_shutdown_api_msgs/lib/libboot_shutdown_api_msgs__rosidl_typesupport_fastrtps_cpp.so
-- Up-to-date symlink: /home/ito/boot_shutdown_tools/install/boot_shutdown_api_msgs/include/boot_shutdown_api_msgs/msg/detail/ecu_state__rosidl_typesupport_introspection_c.h
-- Up-to-date symlink: /home/ito/boot_shutdown_tools/install/boot_shutdown_api_msgs/include/boot_shutdown_api_msgs/msg/detail/ecu_state_summary__rosidl_typesupport_introspection_c.h
-- Up-to-date symlink: /home/ito/boot_shutdown_tools/install/boot_shutdown_api_msgs/include/boot_shutdown_api_msgs/msg/rosidl_typesupport_introspection_c__visibility_control.h
-- Up-to-date symlink: /home/ito/boot_shutdown_tools/install/boot_shutdown_api_msgs/include/boot_shutdown_api_msgs/srv/detail/execute_shutdown__rosidl_typesupport_introspection_c.h
-- Up-to-date symlink: /home/ito/boot_shutdown_tools/install/boot_shutdown_api_msgs/include/boot_shutdown_api_msgs/srv/detail/prepare_shutdown__rosidl_typesupport_introspection_c.h
-- Up-to-date symlink: /home/ito/boot_shutdown_tools/install/boot_shutdown_api_msgs/include/boot_shutdown_api_msgs/srv/detail/shutdown__rosidl_typesupport_introspection_c.h
-- Up-to-date symlink: /home/ito/boot_shutdown_tools/install/boot_shutdown_api_msgs/include/boot_shutdown_api_msgs/msg/detail/ecu_state__builder.hpp
-- Up-to-date symlink: /home/ito/boot_shutdown_tools/install/boot_shutdown_api_msgs/include/boot_shutdown_api_msgs/msg/detail/ecu_state__struct.hpp
-- Up-to-date symlink: /home/ito/boot_shutdown_tools/install/boot_shutdown_api_msgs/include/boot_shutdown_api_msgs/msg/detail/ecu_state__traits.hpp
-- Up-to-date symlink: /home/ito/boot_shutdown_tools/install/boot_shutdown_api_msgs/include/boot_shutdown_api_msgs/msg/detail/ecu_state_summary__builder.hpp
-- Up-to-date symlink: /home/ito/boot_shutdown_tools/install/boot_shutdown_api_msgs/include/boot_shutdown_api_msgs/msg/detail/ecu_state_summary__struct.hpp
-- Up-to-date symlink: /home/ito/boot_shutdown_tools/install/boot_shutdown_api_msgs/include/boot_shutdown_api_msgs/msg/detail/ecu_state_summary__traits.hpp
-- Up-to-date symlink: /home/ito/boot_shutdown_tools/install/boot_shutdown_api_msgs/include/boot_shutdown_api_msgs/msg/ecu_state.hpp
-- Up-to-date symlink: /home/ito/boot_shutdown_tools/install/boot_shutdown_api_msgs/include/boot_shutdown_api_msgs/msg/ecu_state_summary.hpp
-- Up-to-date symlink: /home/ito/boot_shutdown_tools/install/boot_shutdown_api_msgs/include/boot_shutdown_api_msgs/srv/detail/execute_shutdown__builder.hpp
-- Up-to-date symlink: /home/ito/boot_shutdown_tools/install/boot_shutdown_api_msgs/include/boot_shutdown_api_msgs/srv/detail/execute_shutdown__struct.hpp
-- Up-to-date symlink: /home/ito/boot_shutdown_tools/install/boot_shutdown_api_msgs/include/boot_shutdown_api_msgs/srv/detail/execute_shutdown__traits.hpp
-- Up-to-date symlink: /home/ito/boot_shutdown_tools/install/boot_shutdown_api_msgs/include/boot_shutdown_api_msgs/srv/detail/prepare_shutdown__builder.hpp
-- Up-to-date symlink: /home/ito/boot_shutdown_tools/install/boot_shutdown_api_msgs/include/boot_shutdown_api_msgs/srv/detail/prepare_shutdown__struct.hpp
-- Up-to-date symlink: /home/ito/boot_shutdown_tools/install/boot_shutdown_api_msgs/include/boot_shutdown_api_msgs/srv/detail/prepare_shutdown__traits.hpp
-- Up-to-date symlink: /home/ito/boot_shutdown_tools/install/boot_shutdown_api_msgs/include/boot_shutdown_api_msgs/srv/detail/shutdown__builder.hpp
-- Up-to-date symlink: /home/ito/boot_shutdown_tools/install/boot_shutdown_api_msgs/include/boot_shutdown_api_msgs/srv/detail/shutdown__struct.hpp
-- Up-to-date symlink: /home/ito/boot_shutdown_tools/install/boot_shutdown_api_msgs/include/boot_shutdown_api_msgs/srv/detail/shutdown__traits.hpp
-- Up-to-date symlink: /home/ito/boot_shutdown_tools/install/boot_shutdown_api_msgs/include/boot_shutdown_api_msgs/srv/execute_shutdown.hpp
-- Up-to-date symlink: /home/ito/boot_shutdown_tools/install/boot_shutdown_api_msgs/include/boot_shutdown_api_msgs/srv/prepare_shutdown.hpp
-- Up-to-date symlink: /home/ito/boot_shutdown_tools/install/boot_shutdown_api_msgs/include/boot_shutdown_api_msgs/srv/shutdown.hpp
-- Up-to-date symlink: /home/ito/boot_shutdown_tools/install/boot_shutdown_api_msgs/include/boot_shutdown_api_msgs/msg/detail/ecu_state__rosidl_typesupport_introspection_cpp.hpp
-- Up-to-date symlink: /home/ito/boot_shutdown_tools/install/boot_shutdown_api_msgs/include/boot_shutdown_api_msgs/msg/detail/ecu_state_summary__rosidl_typesupport_introspection_cpp.hpp
-- Up-to-date symlink: /home/ito/boot_shutdown_tools/install/boot_shutdown_api_msgs/include/boot_shutdown_api_msgs/srv/detail/execute_shutdown__rosidl_typesupport_introspection_cpp.hpp
-- Up-to-date symlink: /home/ito/boot_shutdown_tools/install/boot_shutdown_api_msgs/include/boot_shutdown_api_msgs/srv/detail/prepare_shutdown__rosidl_typesupport_introspection_cpp.hpp
-- Up-to-date symlink: /home/ito/boot_shutdown_tools/install/boot_shutdown_api_msgs/include/boot_shutdown_api_msgs/srv/detail/shutdown__rosidl_typesupport_introspection_cpp.hpp
-- Up-to-date symlink: /home/ito/boot_shutdown_tools/install/boot_shutdown_api_msgs/share/boot_shutdown_api_msgs/environment/pythonpath.sh
-- Up-to-date symlink: /home/ito/boot_shutdown_tools/install/boot_shutdown_api_msgs/share/boot_shutdown_api_msgs/environment/pythonpath.dsv
-- Up-to-date symlink: /home/ito/boot_shutdown_tools/install/boot_shutdown_api_msgs/lib/python3.8/site-packages/boot_shutdown_api_msgs/__init__.py
-- Up-to-date symlink: /home/ito/boot_shutdown_tools/install/boot_shutdown_api_msgs/lib/python3.8/site-packages/boot_shutdown_api_msgs/msg/__init__.py
-- Up-to-date symlink: /home/ito/boot_shutdown_tools/install/boot_shutdown_api_msgs/lib/python3.8/site-packages/boot_shutdown_api_msgs/msg/_ecu_state.py
-- Up-to-date symlink: /home/ito/boot_shutdown_tools/install/boot_shutdown_api_msgs/lib/python3.8/site-packages/boot_shutdown_api_msgs/msg/_ecu_state_summary.py
-- Up-to-date symlink: /home/ito/boot_shutdown_tools/install/boot_shutdown_api_msgs/lib/python3.8/site-packages/boot_shutdown_api_msgs/srv/__init__.py
-- Up-to-date symlink: /home/ito/boot_shutdown_tools/install/boot_shutdown_api_msgs/lib/python3.8/site-packages/boot_shutdown_api_msgs/srv/_execute_shutdown.py
-- Up-to-date symlink: /home/ito/boot_shutdown_tools/install/boot_shutdown_api_msgs/lib/python3.8/site-packages/boot_shutdown_api_msgs/srv/_prepare_shutdown.py
-- Up-to-date symlink: /home/ito/boot_shutdown_tools/install/boot_shutdown_api_msgs/lib/python3.8/site-packages/boot_shutdown_api_msgs/srv/_shutdown.py
-- Up-to-date symlink: /home/ito/boot_shutdown_tools/install/boot_shutdown_api_msgs/lib/python3.8/site-packages/boot_shutdown_api_msgs/boot_shutdown_api_msgs_s__rosidl_typesupport_fastrtps_c.cpython-38-x86_64-linux-gnu.so
-- Up-to-date symlink: /home/ito/boot_shutdown_tools/install/boot_shutdown_api_msgs/lib/python3.8/site-packages/boot_shutdown_api_msgs/boot_shutdown_api_msgs_s__rosidl_typesupport_introspection_c.cpython-38-x86_64-linux-gnu.so
-- Up-to-date symlink: /home/ito/boot_shutdown_tools/install/boot_shutdown_api_msgs/lib/python3.8/site-packages/boot_shutdown_api_msgs/boot_shutdown_api_msgs_s__rosidl_typesupport_c.cpython-38-x86_64-linux-gnu.so
-- Up-to-date symlink: /home/ito/boot_shutdown_tools/install/boot_shutdown_api_msgs/lib/libboot_shutdown_api_msgs__python.so
-- Up-to-date symlink: /home/ito/boot_shutdown_tools/install/boot_shutdown_api_msgs/share/boot_shutdown_api_msgs/msg/EcuState.idl
-- Up-to-date symlink: /home/ito/boot_shutdown_tools/install/boot_shutdown_api_msgs/share/boot_shutdown_api_msgs/msg/EcuStateSummary.idl
-- Up-to-date symlink: /home/ito/boot_shutdown_tools/install/boot_shutdown_api_msgs/share/boot_shutdown_api_msgs/srv/ExecuteShutdown.idl
-- Up-to-date symlink: /home/ito/boot_shutdown_tools/install/boot_shutdown_api_msgs/share/boot_shutdown_api_msgs/srv/PrepareShutdown.idl
-- Up-to-date symlink: /home/ito/boot_shutdown_tools/install/boot_shutdown_api_msgs/share/boot_shutdown_api_msgs/srv/Shutdown.idl
-- Up-to-date symlink: /home/ito/boot_shutdown_tools/install/boot_shutdown_api_msgs/share/boot_shutdown_api_msgs/msg/EcuState.msg
-- Up-to-date symlink: /home/ito/boot_shutdown_tools/install/boot_shutdown_api_msgs/share/boot_shutdown_api_msgs/msg/EcuStateSummary.msg
-- Up-to-date symlink: /home/ito/boot_shutdown_tools/install/boot_shutdown_api_msgs/share/boot_shutdown_api_msgs/srv/ExecuteShutdown.srv
-- Up-to-date symlink: /home/ito/boot_shutdown_tools/install/boot_shutdown_api_msgs/share/boot_shutdown_api_msgs/srv/ExecuteShutdown_Request.msg
-- Up-to-date symlink: /home/ito/boot_shutdown_tools/install/boot_shutdown_api_msgs/share/boot_shutdown_api_msgs/srv/ExecuteShutdown_Response.msg
-- Up-to-date symlink: /home/ito/boot_shutdown_tools/install/boot_shutdown_api_msgs/share/boot_shutdown_api_msgs/srv/PrepareShutdown.srv
-- Up-to-date symlink: /home/ito/boot_shutdown_tools/install/boot_shutdown_api_msgs/share/boot_shutdown_api_msgs/srv/PrepareShutdown_Request.msg
-- Up-to-date symlink: /home/ito/boot_shutdown_tools/install/boot_shutdown_api_msgs/share/boot_shutdown_api_msgs/srv/PrepareShutdown_Response.msg
-- Up-to-date symlink: /home/ito/boot_shutdown_tools/install/boot_shutdown_api_msgs/share/boot_shutdown_api_msgs/srv/Shutdown.srv
-- Up-to-date symlink: /home/ito/boot_shutdown_tools/install/boot_shutdown_api_msgs/share/boot_shutdown_api_msgs/srv/Shutdown_Request.msg
-- Up-to-date symlink: /home/ito/boot_shutdown_tools/install/boot_shutdown_api_msgs/share/boot_shutdown_api_msgs/srv/Shutdown_Response.msg
-- Up-to-date symlink: /home/ito/boot_shutdown_tools/install/boot_shutdown_api_msgs/share/ament_index/resource_index/package_run_dependencies/boot_shutdown_api_msgs
-- Up-to-date symlink: /home/ito/boot_shutdown_tools/install/boot_shutdown_api_msgs/share/ament_index/resource_index/parent_prefix_path/boot_shutdown_api_msgs
-- Up-to-date symlink: /home/ito/boot_shutdown_tools/install/boot_shutdown_api_msgs/share/boot_shutdown_api_msgs/environment/ament_prefix_path.sh
-- Up-to-date symlink: /home/ito/boot_shutdown_tools/install/boot_shutdown_api_msgs/share/boot_shutdown_api_msgs/environment/ament_prefix_path.dsv
-- Up-to-date symlink: /home/ito/boot_shutdown_tools/install/boot_shutdown_api_msgs/share/boot_shutdown_api_msgs/environment/path.sh
-- Up-to-date symlink: /home/ito/boot_shutdown_tools/install/boot_shutdown_api_msgs/share/boot_shutdown_api_msgs/environment/path.dsv
-- Up-to-date symlink: /home/ito/boot_shutdown_tools/install/boot_shutdown_api_msgs/share/boot_shutdown_api_msgs/local_setup.bash
-- Up-to-date symlink: /home/ito/boot_shutdown_tools/install/boot_shutdown_api_msgs/share/boot_shutdown_api_msgs/local_setup.sh
-- Up-to-date symlink: /home/ito/boot_shutdown_tools/install/boot_shutdown_api_msgs/share/boot_shutdown_api_msgs/local_setup.zsh
-- Up-to-date symlink: /home/ito/boot_shutdown_tools/install/boot_shutdown_api_msgs/share/boot_shutdown_api_msgs/local_setup.dsv
-- Symlinking: /home/ito/boot_shutdown_tools/install/boot_shutdown_api_msgs/share/boot_shutdown_api_msgs/package.dsv
-- Up-to-date symlink: /home/ito/boot_shutdown_tools/install/boot_shutdown_api_msgs/share/ament_index/resource_index/packages/boot_shutdown_api_msgs
-- Up-to-date symlink: /home/ito/boot_shutdown_tools/install/boot_shutdown_api_msgs/share/boot_shutdown_api_msgs/cmake/rosidl_cmake-extras.cmake
-- Up-to-date symlink: /home/ito/boot_shutdown_tools/install/boot_shutdown_api_msgs/share/boot_shutdown_api_msgs/cmake/ament_cmake_export_dependencies-extras.cmake
-- Up-to-date symlink: /home/ito/boot_shutdown_tools/install/boot_shutdown_api_msgs/share/boot_shutdown_api_msgs/cmake/ament_cmake_export_libraries-extras.cmake
-- Up-to-date symlink: /home/ito/boot_shutdown_tools/install/boot_shutdown_api_msgs/share/boot_shutdown_api_msgs/cmake/ament_cmake_export_targets-extras.cmake
-- Up-to-date symlink: /home/ito/boot_shutdown_tools/install/boot_shutdown_api_msgs/share/boot_shutdown_api_msgs/cmake/ament_cmake_export_include_directories-extras.cmake
-- Up-to-date symlink: /home/ito/boot_shutdown_tools/install/boot_shutdown_api_msgs/share/boot_shutdown_api_msgs/cmake/rosidl_cmake_export_typesupport_libraries-extras.cmake
-- Up-to-date symlink: /home/ito/boot_shutdown_tools/install/boot_shutdown_api_msgs/share/boot_shutdown_api_msgs/cmake/rosidl_cmake_export_typesupport_targets-extras.cmake
-- Up-to-date symlink: /home/ito/boot_shutdown_tools/install/boot_shutdown_api_msgs/share/boot_shutdown_api_msgs/cmake/boot_shutdown_api_msgsConfig.cmake
-- Up-to-date symlink: /home/ito/boot_shutdown_tools/install/boot_shutdown_api_msgs/share/boot_shutdown_api_msgs/cmake/boot_shutdown_api_msgsConfig-version.cmake
-- Up-to-date symlink: /home/ito/boot_shutdown_tools/install/boot_shutdown_api_msgs/share/boot_shutdown_api_msgs/package.xml
-- Up-to-date: /home/ito/boot_shutdown_tools/install/boot_shutdown_api_msgs/lib/libboot_shutdown_api_msgs__rosidl_generator_c.so
-- Up-to-date: /home/ito/boot_shutdown_tools/install/boot_shutdown_api_msgs/lib/libboot_shutdown_api_msgs__rosidl_typesupport_introspection_c.so
-- Up-to-date: /home/ito/boot_shutdown_tools/install/boot_shutdown_api_msgs/lib/libboot_shutdown_api_msgs__rosidl_typesupport_c.so
-- Up-to-date: /home/ito/boot_shutdown_tools/install/boot_shutdown_api_msgs/lib/libboot_shutdown_api_msgs__rosidl_typesupport_introspection_cpp.so
-- Up-to-date: /home/ito/boot_shutdown_tools/install/boot_shutdown_api_msgs/lib/libboot_shutdown_api_msgs__rosidl_typesupport_cpp.so
-- Up-to-date: /home/ito/boot_shutdown_tools/install/boot_shutdown_api_msgs/share/boot_shutdown_api_msgs/cmake/boot_shutdown_api_msgs__rosidl_generator_cExport.cmake
-- Up-to-date: /home/ito/boot_shutdown_tools/install/boot_shutdown_api_msgs/share/boot_shutdown_api_msgs/cmake/boot_shutdown_api_msgs__rosidl_generator_cExport-release.cmake
-- Up-to-date: /home/ito/boot_shutdown_tools/install/boot_shutdown_api_msgs/share/boot_shutdown_api_msgs/cmake/boot_shutdown_api_msgs__rosidl_typesupport_introspection_cExport.cmake
-- Up-to-date: /home/ito/boot_shutdown_tools/install/boot_shutdown_api_msgs/share/boot_shutdown_api_msgs/cmake/boot_shutdown_api_msgs__rosidl_typesupport_introspection_cExport-release.cmake
-- Up-to-date: /home/ito/boot_shutdown_tools/install/boot_shutdown_api_msgs/share/boot_shutdown_api_msgs/cmake/boot_shutdown_api_msgs__rosidl_typesupport_cExport.cmake
-- Up-to-date: /home/ito/boot_shutdown_tools/install/boot_shutdown_api_msgs/share/boot_shutdown_api_msgs/cmake/boot_shutdown_api_msgs__rosidl_typesupport_cExport-release.cmake
-- Up-to-date: /home/ito/boot_shutdown_tools/install/boot_shutdown_api_msgs/share/boot_shutdown_api_msgs/cmake/boot_shutdown_api_msgs__rosidl_generator_cppExport.cmake
-- Up-to-date: /home/ito/boot_shutdown_tools/install/boot_shutdown_api_msgs/share/boot_shutdown_api_msgs/cmake/boot_shutdown_api_msgs__rosidl_typesupport_introspection_cppExport.cmake
-- Up-to-date: /home/ito/boot_shutdown_tools/install/boot_shutdown_api_msgs/share/boot_shutdown_api_msgs/cmake/boot_shutdown_api_msgs__rosidl_typesupport_introspection_cppExport-release.cmake
-- Up-to-date: /home/ito/boot_shutdown_tools/install/boot_shutdown_api_msgs/share/boot_shutdown_api_msgs/cmake/boot_shutdown_api_msgs__rosidl_typesupport_cppExport.cmake
-- Up-to-date: /home/ito/boot_shutdown_tools/install/boot_shutdown_api_msgs/share/boot_shutdown_api_msgs/cmake/boot_shutdown_api_msgs__rosidl_typesupport_cppExport-release.cmake
