[0.036s] Invoking command in '/home/ito/boot_shutdown_tools/build/boot_shutdown_api_msgs': CMAKE_PREFIX_PATH=${CMAKE_PREFIX_PATH}:/home/ito/autoware/install/scenario_test_runner:/home/ito/autoware/install/simulator_compatibility_test:/home/ito/autoware/install/openscenario_utility:/opt/ros/galactic /usr/bin/cmake --build /home/ito/boot_shutdown_tools/build/boot_shutdown_api_msgs -- -j12 -l12
[0.186s] [  1%] Built target boot_shutdown_api_msgs__cpp
[0.189s] [ 12%] Built target boot_shutdown_api_msgs__rosidl_generator_c
[0.243s] [ 34%] Built target boot_shutdown_api_msgs__rosidl_typesupport_c
[0.244s] [ 34%] Built target boot_shutdown_api_msgs__rosidl_typesupport_cpp
[0.244s] [ 46%] Built target boot_shutdown_api_msgs__rosidl_typesupport_introspection_c
[0.244s] [ 57%] Built target boot_shutdown_api_msgs__rosidl_typesupport_introspection_cpp
[0.247s] [ 68%] Built target boot_shutdown_api_msgs__rosidl_typesupport_fastrtps_cpp
[0.324s] [ 79%] Built target boot_shutdown_api_msgs__rosidl_typesupport_fastrtps_c
[0.372s] [ 79%] Built target boot_shutdown_api_msgs
[0.420s] [ 80%] Built target boot_shutdown_api_msgs__py
[0.476s] [ 90%] Built target boot_shutdown_api_msgs__python
[0.531s] [ 96%] Built target boot_shutdown_api_msgs__rosidl_typesupport_fastrtps_c__pyext
[0.531s] [ 96%] Built target boot_shutdown_api_msgs__rosidl_typesupport_introspection_c__pyext
[0.531s] [100%] Built target boot_shutdown_api_msgs__rosidl_typesupport_c__pyext
[0.552s] Invoked command in '/home/ito/boot_shutdown_tools/build/boot_shutdown_api_msgs' returned '0': CMAKE_PREFIX_PATH=${CMAKE_PREFIX_PATH}:/home/ito/autoware/install/scenario_test_runner:/home/ito/autoware/install/simulator_compatibility_test:/home/ito/autoware/install/openscenario_utility:/opt/ros/galactic /usr/bin/cmake --build /home/ito/boot_shutdown_tools/build/boot_shutdown_api_msgs -- -j12 -l12
[1.034s] Invoking command in '/home/ito/boot_shutdown_tools/build/boot_shutdown_api_msgs': CMAKE_PREFIX_PATH=${CMAKE_PREFIX_PATH}:/home/ito/autoware/install/scenario_test_runner:/home/ito/autoware/install/simulator_compatibility_test:/home/ito/autoware/install/openscenario_utility:/opt/ros/galactic /usr/bin/cmake --install /home/ito/boot_shutdown_tools/build/boot_shutdown_api_msgs
[1.067s] -- Install configuration: "Release"
[1.070s] -- Execute custom install script
[1.071s] -- Up-to-date symlink: /home/ito/boot_shutdown_tools/install/boot_shutdown_api_msgs/share/ament_index/resource_index/rosidl_interfaces/boot_shutdown_api_msgs
[1.074s] -- Up-to-date symlink: /home/ito/boot_shutdown_tools/install/boot_shutdown_api_msgs/include/boot_shutdown_api_msgs/msg/detail/ecu_state__functions.h
[1.075s] -- Up-to-date symlink: /home/ito/boot_shutdown_tools/install/boot_shutdown_api_msgs/include/boot_shutdown_api_msgs/msg/detail/ecu_state__struct.h
[1.075s] -- Up-to-date symlink: /home/ito/boot_shutdown_tools/install/boot_shutdown_api_msgs/include/boot_shutdown_api_msgs/msg/detail/ecu_state__type_support.h
[1.076s] -- Up-to-date symlink: /home/ito/boot_shutdown_tools/install/boot_shutdown_api_msgs/include/boot_shutdown_api_msgs/msg/detail/ecu_state_summary__functions.h
[1.077s] -- Up-to-date symlink: /home/ito/boot_shutdown_tools/install/boot_shutdown_api_msgs/include/boot_shutdown_api_msgs/msg/detail/ecu_state_summary__struct.h
[1.077s] -- Up-to-date symlink: /home/ito/boot_shutdown_tools/install/boot_shutdown_api_msgs/include/boot_shutdown_api_msgs/msg/detail/ecu_state_summary__type_support.h
[1.078s] -- Up-to-date symlink: /home/ito/boot_shutdown_tools/install/boot_shutdown_api_msgs/include/boot_shutdown_api_msgs/msg/ecu_state.h
[1.082s] -- Up-to-date symlink: /home/ito/boot_shutdown_tools/install/boot_shutdown_api_msgs/include/boot_shutdown_api_msgs/msg/ecu_state_summary.h
[1.083s] -- Up-to-date symlink: /home/ito/boot_shutdown_tools/install/boot_shutdown_api_msgs/include/boot_shutdown_api_msgs/msg/rosidl_generator_c__visibility_control.h
[1.083s] -- Up-to-date symlink: /home/ito/boot_shutdown_tools/install/boot_shutdown_api_msgs/include/boot_shutdown_api_msgs/srv/detail/execute_shutdown__functions.h
[1.084s] -- Up-to-date symlink: /home/ito/boot_shutdown_tools/install/boot_shutdown_api_msgs/include/boot_shutdown_api_msgs/srv/detail/execute_shutdown__struct.h
[1.084s] -- Up-to-date symlink: /home/ito/boot_shutdown_tools/install/boot_shutdown_api_msgs/include/boot_shutdown_api_msgs/srv/detail/execute_shutdown__type_support.h
[1.084s] -- Up-to-date symlink: /home/ito/boot_shutdown_tools/install/boot_shutdown_api_msgs/include/boot_shutdown_api_msgs/srv/detail/prepare_shutdown__functions.h
[1.084s] -- Up-to-date symlink: /home/ito/boot_shutdown_tools/install/boot_shutdown_api_msgs/include/boot_shutdown_api_msgs/srv/detail/prepare_shutdown__struct.h
[1.085s] -- Up-to-date symlink: /home/ito/boot_shutdown_tools/install/boot_shutdown_api_msgs/include/boot_shutdown_api_msgs/srv/detail/prepare_shutdown__type_support.h
[1.085s] -- Up-to-date symlink: /home/ito/boot_shutdown_tools/install/boot_shutdown_api_msgs/include/boot_shutdown_api_msgs/srv/detail/shutdown__functions.h
[1.085s] -- Up-to-date symlink: /home/ito/boot_shutdown_tools/install/boot_shutdown_api_msgs/include/boot_shutdown_api_msgs/srv/detail/shutdown__struct.h
[1.085s] -- Up-to-date symlink: /home/ito/boot_shutdown_tools/install/boot_shutdown_api_msgs/include/boot_shutdown_api_msgs/srv/detail/shutdown__type_support.h
[1.086s] -- Up-to-date symlink: /home/ito/boot_shutdown_tools/install/boot_shutdown_api_msgs/include/boot_shutdown_api_msgs/srv/execute_shutdown.h
[1.086s] -- Up-to-date symlink: /home/ito/boot_shutdown_tools/install/boot_shutdown_api_msgs/include/boot_shutdown_api_msgs/srv/prepare_shutdown.h
[1.086s] -- Up-to-date symlink: /home/ito/boot_shutdown_tools/install/boot_shutdown_api_msgs/include/boot_shutdown_api_msgs/srv/shutdown.h
[1.087s] -- Up-to-date symlink: /home/ito/boot_shutdown_tools/install/boot_shutdown_api_msgs/share/boot_shutdown_api_msgs/environment/library_path.sh
[1.087s] -- Up-to-date symlink: /home/ito/boot_shutdown_tools/install/boot_shutdown_api_msgs/share/boot_shutdown_api_msgs/environment/library_path.dsv
[1.089s] -- Up-to-date symlink: /home/ito/boot_shutdown_tools/install/boot_shutdown_api_msgs/include/boot_shutdown_api_msgs/msg/detail/ecu_state__rosidl_typesupport_fastrtps_c.h
[1.089s] -- Up-to-date symlink: /home/ito/boot_shutdown_tools/install/boot_shutdown_api_msgs/include/boot_shutdown_api_msgs/msg/detail/ecu_state_summary__rosidl_typesupport_fastrtps_c.h
[1.089s] -- Up-to-date symlink: /home/ito/boot_shutdown_tools/install/boot_shutdown_api_msgs/include/boot_shutdown_api_msgs/msg/rosidl_typesupport_fastrtps_c__visibility_control.h
[1.089s] -- Up-to-date symlink: /home/ito/boot_shutdown_tools/install/boot_shutdown_api_msgs/include/boot_shutdown_api_msgs/srv/detail/execute_shutdown__rosidl_typesupport_fastrtps_c.h
[1.090s] -- Up-to-date symlink: /home/ito/boot_shutdown_tools/install/boot_shutdown_api_msgs/include/boot_shutdown_api_msgs/srv/detail/prepare_shutdown__rosidl_typesupport_fastrtps_c.h
[1.090s] -- Up-to-date symlink: /home/ito/boot_shutdown_tools/install/boot_shutdown_api_msgs/include/boot_shutdown_api_msgs/srv/detail/shutdown__rosidl_typesupport_fastrtps_c.h
[1.090s] -- Up-to-date symlink: /home/ito/boot_shutdown_tools/install/boot_shutdown_api_msgs/lib/libboot_shutdown_api_msgs__rosidl_typesupport_fastrtps_c.so
[1.091s] -- Up-to-date symlink: /home/ito/boot_shutdown_tools/install/boot_shutdown_api_msgs/include/boot_shutdown_api_msgs/msg/detail/ecu_state__rosidl_typesupport_fastrtps_cpp.hpp
[1.091s] -- Up-to-date symlink: /home/ito/boot_shutdown_tools/install/boot_shutdown_api_msgs/include/boot_shutdown_api_msgs/msg/detail/ecu_state_summary__rosidl_typesupport_fastrtps_cpp.hpp
[1.091s] -- Up-to-date symlink: /home/ito/boot_shutdown_tools/install/boot_shutdown_api_msgs/include/boot_shutdown_api_msgs/msg/rosidl_typesupport_fastrtps_cpp__visibility_control.h
[1.091s] -- Up-to-date symlink: /home/ito/boot_shutdown_tools/install/boot_shutdown_api_msgs/include/boot_shutdown_api_msgs/srv/detail/execute_shutdown__rosidl_typesupport_fastrtps_cpp.hpp
[1.092s] -- Up-to-date symlink: /home/ito/boot_shutdown_tools/install/boot_shutdown_api_msgs/include/boot_shutdown_api_msgs/srv/detail/prepare_shutdown__rosidl_typesupport_fastrtps_cpp.hpp
[1.092s] -- Up-to-date symlink: /home/ito/boot_shutdown_tools/install/boot_shutdown_api_msgs/include/boot_shutdown_api_msgs/srv/detail/shutdown__rosidl_typesupport_fastrtps_cpp.hpp
[1.092s] -- Up-to-date symlink: /home/ito/boot_shutdown_tools/install/boot_shutdown_api_msgs/lib/libboot_shutdown_api_msgs__rosidl_typesupport_fastrtps_cpp.so
[1.092s] -- Up-to-date symlink: /home/ito/boot_shutdown_tools/install/boot_shutdown_api_msgs/include/boot_shutdown_api_msgs/msg/detail/ecu_state__rosidl_typesupport_introspection_c.h
[1.093s] -- Up-to-date symlink: /home/ito/boot_shutdown_tools/install/boot_shutdown_api_msgs/include/boot_shutdown_api_msgs/msg/detail/ecu_state_summary__rosidl_typesupport_introspection_c.h
[1.093s] -- Up-to-date symlink: /home/ito/boot_shutdown_tools/install/boot_shutdown_api_msgs/include/boot_shutdown_api_msgs/msg/rosidl_typesupport_introspection_c__visibility_control.h
[1.093s] -- Up-to-date symlink: /home/ito/boot_shutdown_tools/install/boot_shutdown_api_msgs/include/boot_shutdown_api_msgs/srv/detail/execute_shutdown__rosidl_typesupport_introspection_c.h
[1.093s] -- Up-to-date symlink: /home/ito/boot_shutdown_tools/install/boot_shutdown_api_msgs/include/boot_shutdown_api_msgs/srv/detail/prepare_shutdown__rosidl_typesupport_introspection_c.h
[1.093s] -- Up-to-date symlink: /home/ito/boot_shutdown_tools/install/boot_shutdown_api_msgs/include/boot_shutdown_api_msgs/srv/detail/shutdown__rosidl_typesupport_introspection_c.h
[1.094s] -- Up-to-date symlink: /home/ito/boot_shutdown_tools/install/boot_shutdown_api_msgs/include/boot_shutdown_api_msgs/msg/detail/ecu_state__builder.hpp
[1.094s] -- Up-to-date symlink: /home/ito/boot_shutdown_tools/install/boot_shutdown_api_msgs/include/boot_shutdown_api_msgs/msg/detail/ecu_state__struct.hpp
[1.094s] -- Up-to-date symlink: /home/ito/boot_shutdown_tools/install/boot_shutdown_api_msgs/include/boot_shutdown_api_msgs/msg/detail/ecu_state__traits.hpp
[1.094s] -- Up-to-date symlink: /home/ito/boot_shutdown_tools/install/boot_shutdown_api_msgs/include/boot_shutdown_api_msgs/msg/detail/ecu_state_summary__builder.hpp
[1.094s] -- Up-to-date symlink: /home/ito/boot_shutdown_tools/install/boot_shutdown_api_msgs/include/boot_shutdown_api_msgs/msg/detail/ecu_state_summary__struct.hpp
[1.094s] -- Up-to-date symlink: /home/ito/boot_shutdown_tools/install/boot_shutdown_api_msgs/include/boot_shutdown_api_msgs/msg/detail/ecu_state_summary__traits.hpp
[1.094s] -- Up-to-date symlink: /home/ito/boot_shutdown_tools/install/boot_shutdown_api_msgs/include/boot_shutdown_api_msgs/msg/ecu_state.hpp
[1.094s] -- Up-to-date symlink: /home/ito/boot_shutdown_tools/install/boot_shutdown_api_msgs/include/boot_shutdown_api_msgs/msg/ecu_state_summary.hpp
[1.095s] -- Up-to-date symlink: /home/ito/boot_shutdown_tools/install/boot_shutdown_api_msgs/include/boot_shutdown_api_msgs/srv/detail/execute_shutdown__builder.hpp
[1.095s] -- Up-to-date symlink: /home/ito/boot_shutdown_tools/install/boot_shutdown_api_msgs/include/boot_shutdown_api_msgs/srv/detail/execute_shutdown__struct.hpp
[1.095s] -- Up-to-date symlink: /home/ito/boot_shutdown_tools/install/boot_shutdown_api_msgs/include/boot_shutdown_api_msgs/srv/detail/execute_shutdown__traits.hpp
[1.095s] -- Up-to-date symlink: /home/ito/boot_shutdown_tools/install/boot_shutdown_api_msgs/include/boot_shutdown_api_msgs/srv/detail/prepare_shutdown__builder.hpp
[1.095s] -- Up-to-date symlink: /home/ito/boot_shutdown_tools/install/boot_shutdown_api_msgs/include/boot_shutdown_api_msgs/srv/detail/prepare_shutdown__struct.hpp
[1.095s] -- Up-to-date symlink: /home/ito/boot_shutdown_tools/install/boot_shutdown_api_msgs/include/boot_shutdown_api_msgs/srv/detail/prepare_shutdown__traits.hpp
[1.095s] -- Up-to-date symlink: /home/ito/boot_shutdown_tools/install/boot_shutdown_api_msgs/include/boot_shutdown_api_msgs/srv/detail/shutdown__builder.hpp
[1.095s] -- Up-to-date symlink: /home/ito/boot_shutdown_tools/install/boot_shutdown_api_msgs/include/boot_shutdown_api_msgs/srv/detail/shutdown__struct.hpp
[1.096s] -- Up-to-date symlink: /home/ito/boot_shutdown_tools/install/boot_shutdown_api_msgs/include/boot_shutdown_api_msgs/srv/detail/shutdown__traits.hpp
[1.096s] -- Up-to-date symlink: /home/ito/boot_shutdown_tools/install/boot_shutdown_api_msgs/include/boot_shutdown_api_msgs/srv/execute_shutdown.hpp
[1.096s] -- Up-to-date symlink: /home/ito/boot_shutdown_tools/install/boot_shutdown_api_msgs/include/boot_shutdown_api_msgs/srv/prepare_shutdown.hpp
[1.096s] -- Up-to-date symlink: /home/ito/boot_shutdown_tools/install/boot_shutdown_api_msgs/include/boot_shutdown_api_msgs/srv/shutdown.hpp
[1.096s] -- Up-to-date symlink: /home/ito/boot_shutdown_tools/install/boot_shutdown_api_msgs/include/boot_shutdown_api_msgs/msg/detail/ecu_state__rosidl_typesupport_introspection_cpp.hpp
[1.096s] -- Up-to-date symlink: /home/ito/boot_shutdown_tools/install/boot_shutdown_api_msgs/include/boot_shutdown_api_msgs/msg/detail/ecu_state_summary__rosidl_typesupport_introspection_cpp.hpp
[1.097s] -- Up-to-date symlink: /home/ito/boot_shutdown_tools/install/boot_shutdown_api_msgs/include/boot_shutdown_api_msgs/srv/detail/execute_shutdown__rosidl_typesupport_introspection_cpp.hpp
[1.097s] -- Up-to-date symlink: /home/ito/boot_shutdown_tools/install/boot_shutdown_api_msgs/include/boot_shutdown_api_msgs/srv/detail/prepare_shutdown__rosidl_typesupport_introspection_cpp.hpp
[1.097s] -- Up-to-date symlink: /home/ito/boot_shutdown_tools/install/boot_shutdown_api_msgs/include/boot_shutdown_api_msgs/srv/detail/shutdown__rosidl_typesupport_introspection_cpp.hpp
[1.097s] -- Up-to-date symlink: /home/ito/boot_shutdown_tools/install/boot_shutdown_api_msgs/share/boot_shutdown_api_msgs/environment/pythonpath.sh
[1.097s] -- Up-to-date symlink: /home/ito/boot_shutdown_tools/install/boot_shutdown_api_msgs/share/boot_shutdown_api_msgs/environment/pythonpath.dsv
[1.097s] -- Up-to-date symlink: /home/ito/boot_shutdown_tools/install/boot_shutdown_api_msgs/lib/python3.8/site-packages/boot_shutdown_api_msgs/__init__.py
[1.098s] -- Up-to-date symlink: /home/ito/boot_shutdown_tools/install/boot_shutdown_api_msgs/lib/python3.8/site-packages/boot_shutdown_api_msgs/msg/__init__.py
[1.098s] -- Up-to-date symlink: /home/ito/boot_shutdown_tools/install/boot_shutdown_api_msgs/lib/python3.8/site-packages/boot_shutdown_api_msgs/msg/_ecu_state.py
[1.098s] -- Up-to-date symlink: /home/ito/boot_shutdown_tools/install/boot_shutdown_api_msgs/lib/python3.8/site-packages/boot_shutdown_api_msgs/msg/_ecu_state_summary.py
[1.098s] -- Up-to-date symlink: /home/ito/boot_shutdown_tools/install/boot_shutdown_api_msgs/lib/python3.8/site-packages/boot_shutdown_api_msgs/srv/__init__.py
[1.099s] -- Up-to-date symlink: /home/ito/boot_shutdown_tools/install/boot_shutdown_api_msgs/lib/python3.8/site-packages/boot_shutdown_api_msgs/srv/_execute_shutdown.py
[1.099s] -- Up-to-date symlink: /home/ito/boot_shutdown_tools/install/boot_shutdown_api_msgs/lib/python3.8/site-packages/boot_shutdown_api_msgs/srv/_prepare_shutdown.py
[1.099s] -- Up-to-date symlink: /home/ito/boot_shutdown_tools/install/boot_shutdown_api_msgs/lib/python3.8/site-packages/boot_shutdown_api_msgs/srv/_shutdown.py
[1.099s] -- Up-to-date symlink: /home/ito/boot_shutdown_tools/install/boot_shutdown_api_msgs/lib/python3.8/site-packages/boot_shutdown_api_msgs/boot_shutdown_api_msgs_s__rosidl_typesupport_fastrtps_c.cpython-38-x86_64-linux-gnu.so
[1.100s] -- Up-to-date symlink: /home/ito/boot_shutdown_tools/install/boot_shutdown_api_msgs/lib/python3.8/site-packages/boot_shutdown_api_msgs/boot_shutdown_api_msgs_s__rosidl_typesupport_introspection_c.cpython-38-x86_64-linux-gnu.so
[1.100s] -- Up-to-date symlink: /home/ito/boot_shutdown_tools/install/boot_shutdown_api_msgs/lib/python3.8/site-packages/boot_shutdown_api_msgs/boot_shutdown_api_msgs_s__rosidl_typesupport_c.cpython-38-x86_64-linux-gnu.so
[1.100s] -- Up-to-date symlink: /home/ito/boot_shutdown_tools/install/boot_shutdown_api_msgs/lib/libboot_shutdown_api_msgs__python.so
[1.101s] -- Up-to-date symlink: /home/ito/boot_shutdown_tools/install/boot_shutdown_api_msgs/share/boot_shutdown_api_msgs/msg/EcuState.idl
[1.101s] -- Up-to-date symlink: /home/ito/boot_shutdown_tools/install/boot_shutdown_api_msgs/share/boot_shutdown_api_msgs/msg/EcuStateSummary.idl
[1.101s] -- Up-to-date symlink: /home/ito/boot_shutdown_tools/install/boot_shutdown_api_msgs/share/boot_shutdown_api_msgs/srv/ExecuteShutdown.idl
[1.102s] -- Up-to-date symlink: /home/ito/boot_shutdown_tools/install/boot_shutdown_api_msgs/share/boot_shutdown_api_msgs/srv/PrepareShutdown.idl
[1.102s] -- Up-to-date symlink: /home/ito/boot_shutdown_tools/install/boot_shutdown_api_msgs/share/boot_shutdown_api_msgs/srv/Shutdown.idl
[1.102s] -- Up-to-date symlink: /home/ito/boot_shutdown_tools/install/boot_shutdown_api_msgs/share/boot_shutdown_api_msgs/msg/EcuState.msg
[1.102s] -- Up-to-date symlink: /home/ito/boot_shutdown_tools/install/boot_shutdown_api_msgs/share/boot_shutdown_api_msgs/msg/EcuStateSummary.msg
[1.102s] -- Up-to-date symlink: /home/ito/boot_shutdown_tools/install/boot_shutdown_api_msgs/share/boot_shutdown_api_msgs/srv/ExecuteShutdown.srv
[1.103s] -- Up-to-date symlink: /home/ito/boot_shutdown_tools/install/boot_shutdown_api_msgs/share/boot_shutdown_api_msgs/srv/ExecuteShutdown_Request.msg
[1.103s] -- Up-to-date symlink: /home/ito/boot_shutdown_tools/install/boot_shutdown_api_msgs/share/boot_shutdown_api_msgs/srv/ExecuteShutdown_Response.msg
[1.103s] -- Up-to-date symlink: /home/ito/boot_shutdown_tools/install/boot_shutdown_api_msgs/share/boot_shutdown_api_msgs/srv/PrepareShutdown.srv
[1.103s] -- Up-to-date symlink: /home/ito/boot_shutdown_tools/install/boot_shutdown_api_msgs/share/boot_shutdown_api_msgs/srv/PrepareShutdown_Request.msg
[1.103s] -- Up-to-date symlink: /home/ito/boot_shutdown_tools/install/boot_shutdown_api_msgs/share/boot_shutdown_api_msgs/srv/PrepareShutdown_Response.msg
[1.104s] -- Up-to-date symlink: /home/ito/boot_shutdown_tools/install/boot_shutdown_api_msgs/share/boot_shutdown_api_msgs/srv/Shutdown.srv
[1.104s] -- Up-to-date symlink: /home/ito/boot_shutdown_tools/install/boot_shutdown_api_msgs/share/boot_shutdown_api_msgs/srv/Shutdown_Request.msg
[1.104s] -- Up-to-date symlink: /home/ito/boot_shutdown_tools/install/boot_shutdown_api_msgs/share/boot_shutdown_api_msgs/srv/Shutdown_Response.msg
[1.105s] -- Up-to-date symlink: /home/ito/boot_shutdown_tools/install/boot_shutdown_api_msgs/share/ament_index/resource_index/package_run_dependencies/boot_shutdown_api_msgs
[1.105s] -- Up-to-date symlink: /home/ito/boot_shutdown_tools/install/boot_shutdown_api_msgs/share/ament_index/resource_index/parent_prefix_path/boot_shutdown_api_msgs
[1.105s] -- Up-to-date symlink: /home/ito/boot_shutdown_tools/install/boot_shutdown_api_msgs/share/boot_shutdown_api_msgs/environment/ament_prefix_path.sh
[1.105s] -- Up-to-date symlink: /home/ito/boot_shutdown_tools/install/boot_shutdown_api_msgs/share/boot_shutdown_api_msgs/environment/ament_prefix_path.dsv
[1.105s] -- Up-to-date symlink: /home/ito/boot_shutdown_tools/install/boot_shutdown_api_msgs/share/boot_shutdown_api_msgs/environment/path.sh
[1.106s] -- Up-to-date symlink: /home/ito/boot_shutdown_tools/install/boot_shutdown_api_msgs/share/boot_shutdown_api_msgs/environment/path.dsv
[1.106s] -- Up-to-date symlink: /home/ito/boot_shutdown_tools/install/boot_shutdown_api_msgs/share/boot_shutdown_api_msgs/local_setup.bash
[1.106s] -- Up-to-date symlink: /home/ito/boot_shutdown_tools/install/boot_shutdown_api_msgs/share/boot_shutdown_api_msgs/local_setup.sh
[1.106s] -- Up-to-date symlink: /home/ito/boot_shutdown_tools/install/boot_shutdown_api_msgs/share/boot_shutdown_api_msgs/local_setup.zsh
[1.106s] -- Up-to-date symlink: /home/ito/boot_shutdown_tools/install/boot_shutdown_api_msgs/share/boot_shutdown_api_msgs/local_setup.dsv
[1.107s] -- Symlinking: /home/ito/boot_shutdown_tools/install/boot_shutdown_api_msgs/share/boot_shutdown_api_msgs/package.dsv
[1.126s] -- Up-to-date symlink: /home/ito/boot_shutdown_tools/install/boot_shutdown_api_msgs/share/ament_index/resource_index/packages/boot_shutdown_api_msgs
[1.126s] -- Up-to-date symlink: /home/ito/boot_shutdown_tools/install/boot_shutdown_api_msgs/share/boot_shutdown_api_msgs/cmake/rosidl_cmake-extras.cmake
[1.126s] -- Up-to-date symlink: /home/ito/boot_shutdown_tools/install/boot_shutdown_api_msgs/share/boot_shutdown_api_msgs/cmake/ament_cmake_export_dependencies-extras.cmake
[1.126s] -- Up-to-date symlink: /home/ito/boot_shutdown_tools/install/boot_shutdown_api_msgs/share/boot_shutdown_api_msgs/cmake/ament_cmake_export_libraries-extras.cmake
[1.127s] -- Up-to-date symlink: /home/ito/boot_shutdown_tools/install/boot_shutdown_api_msgs/share/boot_shutdown_api_msgs/cmake/ament_cmake_export_targets-extras.cmake
[1.127s] -- Up-to-date symlink: /home/ito/boot_shutdown_tools/install/boot_shutdown_api_msgs/share/boot_shutdown_api_msgs/cmake/ament_cmake_export_include_directories-extras.cmake
[1.127s] -- Up-to-date symlink: /home/ito/boot_shutdown_tools/install/boot_shutdown_api_msgs/share/boot_shutdown_api_msgs/cmake/rosidl_cmake_export_typesupport_libraries-extras.cmake
[1.127s] -- Up-to-date symlink: /home/ito/boot_shutdown_tools/install/boot_shutdown_api_msgs/share/boot_shutdown_api_msgs/cmake/rosidl_cmake_export_typesupport_targets-extras.cmake
[1.127s] -- Up-to-date symlink: /home/ito/boot_shutdown_tools/install/boot_shutdown_api_msgs/share/boot_shutdown_api_msgs/cmake/boot_shutdown_api_msgsConfig.cmake
[1.128s] -- Up-to-date symlink: /home/ito/boot_shutdown_tools/install/boot_shutdown_api_msgs/share/boot_shutdown_api_msgs/cmake/boot_shutdown_api_msgsConfig-version.cmake
[1.128s] -- Up-to-date symlink: /home/ito/boot_shutdown_tools/install/boot_shutdown_api_msgs/share/boot_shutdown_api_msgs/package.xml
[1.128s] -- Up-to-date: /home/ito/boot_shutdown_tools/install/boot_shutdown_api_msgs/lib/libboot_shutdown_api_msgs__rosidl_generator_c.so
[1.129s] -- Up-to-date: /home/ito/boot_shutdown_tools/install/boot_shutdown_api_msgs/lib/libboot_shutdown_api_msgs__rosidl_typesupport_introspection_c.so
[1.129s] -- Up-to-date: /home/ito/boot_shutdown_tools/install/boot_shutdown_api_msgs/lib/libboot_shutdown_api_msgs__rosidl_typesupport_c.so
[1.130s] -- Up-to-date: /home/ito/boot_shutdown_tools/install/boot_shutdown_api_msgs/lib/libboot_shutdown_api_msgs__rosidl_typesupport_introspection_cpp.so
[1.130s] -- Up-to-date: /home/ito/boot_shutdown_tools/install/boot_shutdown_api_msgs/lib/libboot_shutdown_api_msgs__rosidl_typesupport_cpp.so
[1.179s] -- Up-to-date: /home/ito/boot_shutdown_tools/install/boot_shutdown_api_msgs/share/boot_shutdown_api_msgs/cmake/boot_shutdown_api_msgs__rosidl_generator_cExport.cmake
[1.179s] -- Up-to-date: /home/ito/boot_shutdown_tools/install/boot_shutdown_api_msgs/share/boot_shutdown_api_msgs/cmake/boot_shutdown_api_msgs__rosidl_generator_cExport-release.cmake
[1.179s] -- Up-to-date: /home/ito/boot_shutdown_tools/install/boot_shutdown_api_msgs/share/boot_shutdown_api_msgs/cmake/boot_shutdown_api_msgs__rosidl_typesupport_introspection_cExport.cmake
[1.179s] -- Up-to-date: /home/ito/boot_shutdown_tools/install/boot_shutdown_api_msgs/share/boot_shutdown_api_msgs/cmake/boot_shutdown_api_msgs__rosidl_typesupport_introspection_cExport-release.cmake
[1.180s] -- Up-to-date: /home/ito/boot_shutdown_tools/install/boot_shutdown_api_msgs/share/boot_shutdown_api_msgs/cmake/boot_shutdown_api_msgs__rosidl_typesupport_cExport.cmake
[1.180s] -- Up-to-date: /home/ito/boot_shutdown_tools/install/boot_shutdown_api_msgs/share/boot_shutdown_api_msgs/cmake/boot_shutdown_api_msgs__rosidl_typesupport_cExport-release.cmake
[1.180s] -- Up-to-date: /home/ito/boot_shutdown_tools/install/boot_shutdown_api_msgs/share/boot_shutdown_api_msgs/cmake/boot_shutdown_api_msgs__rosidl_generator_cppExport.cmake
[1.180s] -- Up-to-date: /home/ito/boot_shutdown_tools/install/boot_shutdown_api_msgs/share/boot_shutdown_api_msgs/cmake/boot_shutdown_api_msgs__rosidl_typesupport_introspection_cppExport.cmake
[1.180s] -- Up-to-date: /home/ito/boot_shutdown_tools/install/boot_shutdown_api_msgs/share/boot_shutdown_api_msgs/cmake/boot_shutdown_api_msgs__rosidl_typesupport_introspection_cppExport-release.cmake
[1.181s] -- Up-to-date: /home/ito/boot_shutdown_tools/install/boot_shutdown_api_msgs/share/boot_shutdown_api_msgs/cmake/boot_shutdown_api_msgs__rosidl_typesupport_cppExport.cmake
[1.181s] -- Up-to-date: /home/ito/boot_shutdown_tools/install/boot_shutdown_api_msgs/share/boot_shutdown_api_msgs/cmake/boot_shutdown_api_msgs__rosidl_typesupport_cppExport-release.cmake
[1.184s] Invoked command in '/home/ito/boot_shutdown_tools/build/boot_shutdown_api_msgs' returned '0': CMAKE_PREFIX_PATH=${CMAKE_PREFIX_PATH}:/home/ito/autoware/install/scenario_test_runner:/home/ito/autoware/install/simulator_compatibility_test:/home/ito/autoware/install/openscenario_utility:/opt/ros/galactic /usr/bin/cmake --install /home/ito/boot_shutdown_tools/build/boot_shutdown_api_msgs
