-- Found ament_cmake_auto: 1.1.5 (/opt/ros/galactic/share/ament_cmake_auto/cmake)
-- Found PythonInterp: /usr/bin/python3 (found suitable version "3.8.10", minimum required is "3") 
-- Using PYTHON_EXECUTABLE: /usr/bin/python3
-- Override CMake install command with custom implementation using symlinks instead of copying resources
-- Using all available rosidl_typesupport_c: rosidl_typesupport_fastrtps_c;rosidl_typesupport_introspection_c
-- Found rosidl_adapter: 2.2.2 (/opt/ros/galactic/share/rosidl_adapter/cmake)
-- Using all available rosidl_typesupport_cpp: rosidl_typesupport_fastrtps_cpp;rosidl_typesupport_introspection_cpp
-- Found PythonInterp: /usr/bin/python3 (found version "3.8.10") 
-- Found ament_cmake_ros: 0.9.2 (/opt/ros/galactic/share/ament_cmake_ros/cmake)
-- Using all available rosidl_typesupport_c: rosidl_typesupport_fastrtps_c;rosidl_typesupport_introspection_c
-- Using all available rosidl_typesupport_cpp: rosidl_typesupport_fastrtps_cpp;rosidl_typesupport_introspection_cpp
-- Found PythonInterp: /usr/bin/python3 (found suitable version "3.8.10", minimum required is "3.5") 
-- Found python_cmake_module: 0.8.1 (/opt/ros/galactic/share/python_cmake_module/cmake)
-- Found PythonLibs: /usr/lib/x86_64-linux-gnu/libpython3.8.so (found suitable version "3.8.10", minimum required is "3.5") 
-- Using PYTHON_EXECUTABLE: /usr/bin/python3
-- Using PYTHON_INCLUDE_DIRS: /usr/include/python3.8
-- Using PYTHON_LIBRARIES: /usr/lib/x86_64-linux-gnu/libpython3.8.so
-- Found PythonExtra: .so  
-- Found ament_lint_auto: 0.10.7 (/opt/ros/galactic/share/ament_lint_auto/cmake)
-- Added test 'copyright' to check source files copyright and LICENSE
-- Added test 'lint_cmake' to check CMake code style
-- Added test 'xmllint' to check XML markup files
-- Configuring done
-- Generating done
-- Build files have been written to: /home/ito/boot_shutdown_tools/build/boot_shutdown_api_msgs
[  1%] [34m[1mGenerating C code for ROS interfaces[0m
[35m[1mScanning dependencies of target boot_shutdown_api_msgs__cpp[0m
[  3%] [34m[1mGenerating C++ code for ROS interfaces[0m
[  3%] Built target boot_shutdown_api_msgs__cpp
[  4%] [34m[1mGenerating C++ type support for eProsima Fast-RTPS[0m
[  6%] [34m[1mGenerating C++ type support dispatch for ROS interfaces[0m
[35m[1mScanning dependencies of target boot_shutdown_api_msgs__rosidl_generator_c[0m
[  7%] [34m[1mGenerating C++ introspection for ROS interfaces[0m
[  9%] [32mBuilding C object CMakeFiles/boot_shutdown_api_msgs__rosidl_generator_c.dir/rosidl_generator_c/boot_shutdown_api_msgs/srv/detail/execute_shutdown__functions.c.o[0m
[ 11%] [32mBuilding C object CMakeFiles/boot_shutdown_api_msgs__rosidl_generator_c.dir/rosidl_generator_c/boot_shutdown_api_msgs/msg/detail/ecu_state_summary__functions.c.o[0m
[ 12%] [32mBuilding C object CMakeFiles/boot_shutdown_api_msgs__rosidl_generator_c.dir/rosidl_generator_c/boot_shutdown_api_msgs/srv/detail/prepare_shutdown__functions.c.o[0m
[ 14%] [32mBuilding C object CMakeFiles/boot_shutdown_api_msgs__rosidl_generator_c.dir/rosidl_generator_c/boot_shutdown_api_msgs/msg/detail/ecu_state__functions.c.o[0m
[ 15%] [32mBuilding C object CMakeFiles/boot_shutdown_api_msgs__rosidl_generator_c.dir/rosidl_generator_c/boot_shutdown_api_msgs/srv/detail/shutdown__functions.c.o[0m
[ 17%] [32m[1mLinking C shared library libboot_shutdown_api_msgs__rosidl_generator_c.so[0m
[ 17%] Built target boot_shutdown_api_msgs__rosidl_generator_c
[ 20%] [34m[1mGenerating C introspection for ROS interfaces[0m
[ 20%] [34m[1mGenerating C type support dispatch for ROS interfaces[0m
[35m[1mScanning dependencies of target boot_shutdown_api_msgs__rosidl_typesupport_cpp[0m
[ 22%] [32mBuilding CXX object CMakeFiles/boot_shutdown_api_msgs__rosidl_typesupport_cpp.dir/rosidl_typesupport_cpp/boot_shutdown_api_msgs/msg/ecu_state__type_support.cpp.o[0m
[ 23%] [32mBuilding CXX object CMakeFiles/boot_shutdown_api_msgs__rosidl_typesupport_cpp.dir/rosidl_typesupport_cpp/boot_shutdown_api_msgs/srv/shutdown__type_support.cpp.o[0m
[ 25%] [32mBuilding CXX object CMakeFiles/boot_shutdown_api_msgs__rosidl_typesupport_cpp.dir/rosidl_typesupport_cpp/boot_shutdown_api_msgs/srv/execute_shutdown__type_support.cpp.o[0m
[ 26%] [32mBuilding CXX object CMakeFiles/boot_shutdown_api_msgs__rosidl_typesupport_cpp.dir/rosidl_typesupport_cpp/boot_shutdown_api_msgs/srv/prepare_shutdown__type_support.cpp.o[0m
[ 28%] [32mBuilding CXX object CMakeFiles/boot_shutdown_api_msgs__rosidl_typesupport_cpp.dir/rosidl_typesupport_cpp/boot_shutdown_api_msgs/msg/ecu_state_summary__type_support.cpp.o[0m
[35m[1mScanning dependencies of target boot_shutdown_api_msgs__rosidl_typesupport_introspection_cpp[0m
[ 30%] [32mBuilding CXX object CMakeFiles/boot_shutdown_api_msgs__rosidl_typesupport_introspection_cpp.dir/rosidl_typesupport_introspection_cpp/boot_shutdown_api_msgs/msg/detail/ecu_state_summary__type_support.cpp.o[0m
[ 31%] [32mBuilding CXX object CMakeFiles/boot_shutdown_api_msgs__rosidl_typesupport_introspection_cpp.dir/rosidl_typesupport_introspection_cpp/boot_shutdown_api_msgs/msg/detail/ecu_state__type_support.cpp.o[0m
[ 33%] [32mBuilding CXX object CMakeFiles/boot_shutdown_api_msgs__rosidl_typesupport_introspection_cpp.dir/rosidl_typesupport_introspection_cpp/boot_shutdown_api_msgs/srv/detail/prepare_shutdown__type_support.cpp.o[0m
[ 34%] [32mBuilding CXX object CMakeFiles/boot_shutdown_api_msgs__rosidl_typesupport_introspection_cpp.dir/rosidl_typesupport_introspection_cpp/boot_shutdown_api_msgs/srv/detail/execute_shutdown__type_support.cpp.o[0m
[35m[1mScanning dependencies of target boot_shutdown_api_msgs__rosidl_typesupport_fastrtps_cpp[0m
[ 36%] [32mBuilding CXX object CMakeFiles/boot_shutdown_api_msgs__rosidl_typesupport_fastrtps_cpp.dir/rosidl_typesupport_fastrtps_cpp/boot_shutdown_api_msgs/msg/detail/dds_fastrtps/ecu_state__type_support.cpp.o[0m
[ 39%] [32mBuilding CXX object CMakeFiles/boot_shutdown_api_msgs__rosidl_typesupport_introspection_cpp.dir/rosidl_typesupport_introspection_cpp/boot_shutdown_api_msgs/srv/detail/shutdown__type_support.cpp.o[0m
[ 39%] [32mBuilding CXX object CMakeFiles/boot_shutdown_api_msgs__rosidl_typesupport_fastrtps_cpp.dir/rosidl_typesupport_fastrtps_cpp/boot_shutdown_api_msgs/msg/detail/dds_fastrtps/ecu_state_summary__type_support.cpp.o[0m
[ 42%] [32m[1mLinking CXX shared library libboot_shutdown_api_msgs__rosidl_typesupport_cpp.so[0m
[ 42%] [32mBuilding CXX object CMakeFiles/boot_shutdown_api_msgs__rosidl_typesupport_fastrtps_cpp.dir/rosidl_typesupport_fastrtps_cpp/boot_shutdown_api_msgs/srv/detail/dds_fastrtps/execute_shutdown__type_support.cpp.o[0m
[ 44%] [32mBuilding CXX object CMakeFiles/boot_shutdown_api_msgs__rosidl_typesupport_fastrtps_cpp.dir/rosidl_typesupport_fastrtps_cpp/boot_shutdown_api_msgs/srv/detail/dds_fastrtps/prepare_shutdown__type_support.cpp.o[0m
[35m[1mScanning dependencies of target boot_shutdown_api_msgs__rosidl_typesupport_c[0m
[ 47%] [32mBuilding CXX object CMakeFiles/boot_shutdown_api_msgs__rosidl_typesupport_c.dir/rosidl_typesupport_c/boot_shutdown_api_msgs/msg/ecu_state_summary__type_support.cpp.o[0m
[ 47%] [32mBuilding CXX object CMakeFiles/boot_shutdown_api_msgs__rosidl_typesupport_fastrtps_cpp.dir/rosidl_typesupport_fastrtps_cpp/boot_shutdown_api_msgs/srv/detail/dds_fastrtps/shutdown__type_support.cpp.o[0m
[ 49%] [32mBuilding CXX object CMakeFiles/boot_shutdown_api_msgs__rosidl_typesupport_c.dir/rosidl_typesupport_c/boot_shutdown_api_msgs/msg/ecu_state__type_support.cpp.o[0m
[ 49%] Built target boot_shutdown_api_msgs__rosidl_typesupport_cpp
[ 50%] [32mBuilding CXX object CMakeFiles/boot_shutdown_api_msgs__rosidl_typesupport_c.dir/rosidl_typesupport_c/boot_shutdown_api_msgs/srv/execute_shutdown__type_support.cpp.o[0m
[ 52%] [32mBuilding CXX object CMakeFiles/boot_shutdown_api_msgs__rosidl_typesupport_c.dir/rosidl_typesupport_c/boot_shutdown_api_msgs/srv/prepare_shutdown__type_support.cpp.o[0m
[ 53%] [32mBuilding CXX object CMakeFiles/boot_shutdown_api_msgs__rosidl_typesupport_c.dir/rosidl_typesupport_c/boot_shutdown_api_msgs/srv/shutdown__type_support.cpp.o[0m
[35m[1mScanning dependencies of target boot_shutdown_api_msgs__rosidl_typesupport_introspection_c[0m
[ 57%] [32mBuilding C object CMakeFiles/boot_shutdown_api_msgs__rosidl_typesupport_introspection_c.dir/rosidl_typesupport_introspection_c/boot_shutdown_api_msgs/msg/detail/ecu_state__type_support.c.o[0m
[ 57%] [32mBuilding C object CMakeFiles/boot_shutdown_api_msgs__rosidl_typesupport_introspection_c.dir/rosidl_typesupport_introspection_c/boot_shutdown_api_msgs/msg/detail/ecu_state_summary__type_support.c.o[0m
[ 58%] [32mBuilding C object CMakeFiles/boot_shutdown_api_msgs__rosidl_typesupport_introspection_c.dir/rosidl_typesupport_introspection_c/boot_shutdown_api_msgs/srv/detail/execute_shutdown__type_support.c.o[0m
[ 60%] [32mBuilding C object CMakeFiles/boot_shutdown_api_msgs__rosidl_typesupport_introspection_c.dir/rosidl_typesupport_introspection_c/boot_shutdown_api_msgs/srv/detail/prepare_shutdown__type_support.c.o[0m
[ 61%] [32mBuilding C object CMakeFiles/boot_shutdown_api_msgs__rosidl_typesupport_introspection_c.dir/rosidl_typesupport_introspection_c/boot_shutdown_api_msgs/srv/detail/shutdown__type_support.c.o[0m
[ 63%] [32m[1mLinking CXX shared library libboot_shutdown_api_msgs__rosidl_typesupport_c.so[0m
[ 65%] [32m[1mLinking C shared library libboot_shutdown_api_msgs__rosidl_typesupport_introspection_c.so[0m
[ 65%] Built target boot_shutdown_api_msgs__rosidl_typesupport_c
[ 66%] [32m[1mLinking CXX shared library libboot_shutdown_api_msgs__rosidl_typesupport_introspection_cpp.so[0m
[ 66%] Built target boot_shutdown_api_msgs__rosidl_typesupport_introspection_c
[ 66%] Built target boot_shutdown_api_msgs__rosidl_typesupport_introspection_cpp
[ 68%] [32m[1mLinking CXX shared library libboot_shutdown_api_msgs__rosidl_typesupport_fastrtps_cpp.so[0m
[ 68%] Built target boot_shutdown_api_msgs__rosidl_typesupport_fastrtps_cpp
[ 69%] [34m[1mGenerating C type support for eProsima Fast-RTPS[0m
[35m[1mScanning dependencies of target boot_shutdown_api_msgs__rosidl_typesupport_fastrtps_c[0m
[ 76%] [32mBuilding CXX object CMakeFiles/boot_shutdown_api_msgs__rosidl_typesupport_fastrtps_c.dir/rosidl_typesupport_fastrtps_c/boot_shutdown_api_msgs/srv/detail/prepare_shutdown__type_support_c.cpp.o[0m
[ 76%] [32mBuilding CXX object CMakeFiles/boot_shutdown_api_msgs__rosidl_typesupport_fastrtps_c.dir/rosidl_typesupport_fastrtps_c/boot_shutdown_api_msgs/msg/detail/ecu_state_summary__type_support_c.cpp.o[0m
[ 76%] [32mBuilding CXX object CMakeFiles/boot_shutdown_api_msgs__rosidl_typesupport_fastrtps_c.dir/rosidl_typesupport_fastrtps_c/boot_shutdown_api_msgs/msg/detail/ecu_state__type_support_c.cpp.o[0m
[ 76%] [32mBuilding CXX object CMakeFiles/boot_shutdown_api_msgs__rosidl_typesupport_fastrtps_c.dir/rosidl_typesupport_fastrtps_c/boot_shutdown_api_msgs/srv/detail/execute_shutdown__type_support_c.cpp.o[0m
[ 77%] [32mBuilding CXX object CMakeFiles/boot_shutdown_api_msgs__rosidl_typesupport_fastrtps_c.dir/rosidl_typesupport_fastrtps_c/boot_shutdown_api_msgs/srv/detail/shutdown__type_support_c.cpp.o[0m
[ 79%] [32m[1mLinking CXX shared library libboot_shutdown_api_msgs__rosidl_typesupport_fastrtps_c.so[0m
[ 79%] Built target boot_shutdown_api_msgs__rosidl_typesupport_fastrtps_c
[35m[1mScanning dependencies of target boot_shutdown_api_msgs[0m
[ 79%] Built target boot_shutdown_api_msgs
[35m[1mScanning dependencies of target boot_shutdown_api_msgs__py[0m
[ 80%] [34m[1mGenerating Python code for ROS interfaces[0m
[ 80%] Built target boot_shutdown_api_msgs__py
[35m[1mScanning dependencies of target boot_shutdown_api_msgs__python[0m
[ 85%] [32mBuilding C object CMakeFiles/boot_shutdown_api_msgs__python.dir/rosidl_generator_py/boot_shutdown_api_msgs/srv/_prepare_shutdown_s.c.o[0m
[ 85%] [32mBuilding C object CMakeFiles/boot_shutdown_api_msgs__python.dir/rosidl_generator_py/boot_shutdown_api_msgs/msg/_ecu_state_summary_s.c.o[0m
[ 85%] [32mBuilding C object CMakeFiles/boot_shutdown_api_msgs__python.dir/rosidl_generator_py/boot_shutdown_api_msgs/srv/_execute_shutdown_s.c.o[0m
[ 87%] [32mBuilding C object CMakeFiles/boot_shutdown_api_msgs__python.dir/rosidl_generator_py/boot_shutdown_api_msgs/msg/_ecu_state_s.c.o[0m
[ 88%] [32mBuilding C object CMakeFiles/boot_shutdown_api_msgs__python.dir/rosidl_generator_py/boot_shutdown_api_msgs/srv/_shutdown_s.c.o[0m
[ 90%] [32m[1mLinking C shared library rosidl_generator_py/boot_shutdown_api_msgs/libboot_shutdown_api_msgs__python.so[0m
[ 90%] Built target boot_shutdown_api_msgs__python
[35m[1mScanning dependencies of target boot_shutdown_api_msgs__rosidl_typesupport_c__pyext[0m
[35m[1mScanning dependencies of target boot_shutdown_api_msgs__rosidl_typesupport_introspection_c__pyext[0m
[35m[1mScanning dependencies of target boot_shutdown_api_msgs__rosidl_typesupport_fastrtps_c__pyext[0m
[ 92%] [32mBuilding C object CMakeFiles/boot_shutdown_api_msgs__rosidl_typesupport_introspection_c__pyext.dir/rosidl_generator_py/boot_shutdown_api_msgs/_boot_shutdown_api_msgs_s.ep.rosidl_typesupport_introspection_c.c.o[0m
[ 93%] [32mBuilding C object CMakeFiles/boot_shutdown_api_msgs__rosidl_typesupport_c__pyext.dir/rosidl_generator_py/boot_shutdown_api_msgs/_boot_shutdown_api_msgs_s.ep.rosidl_typesupport_c.c.o[0m
[ 95%] [32mBuilding C object CMakeFiles/boot_shutdown_api_msgs__rosidl_typesupport_fastrtps_c__pyext.dir/rosidl_generator_py/boot_shutdown_api_msgs/_boot_shutdown_api_msgs_s.ep.rosidl_typesupport_fastrtps_c.c.o[0m
[ 98%] [32m[1mLinking C shared library rosidl_generator_py/boot_shutdown_api_msgs/boot_shutdown_api_msgs_s__rosidl_typesupport_c.cpython-38-x86_64-linux-gnu.so[0m
[ 98%] [32m[1mLinking C shared library rosidl_generator_py/boot_shutdown_api_msgs/boot_shutdown_api_msgs_s__rosidl_typesupport_introspection_c.cpython-38-x86_64-linux-gnu.so[0m
[100%] [32m[1mLinking CXX shared library rosidl_generator_py/boot_shutdown_api_msgs/boot_shutdown_api_msgs_s__rosidl_typesupport_fastrtps_c.cpython-38-x86_64-linux-gnu.so[0m
[100%] Built target boot_shutdown_api_msgs__rosidl_typesupport_c__pyext
[100%] Built target boot_shutdown_api_msgs__rosidl_typesupport_introspection_c__pyext
[100%] Built target boot_shutdown_api_msgs__rosidl_typesupport_fastrtps_c__pyext
-- Install configuration: "Release"
-- Execute custom install script
-- Symlinking: /home/ito/boot_shutdown_tools/install/boot_shutdown_api_msgs/share/ament_index/resource_index/rosidl_interfaces/boot_shutdown_api_msgs
-- Symlinking: /home/ito/boot_shutdown_tools/install/boot_shutdown_api_msgs/include/boot_shutdown_api_msgs/msg/detail/ecu_state__functions.h
-- Symlinking: /home/ito/boot_shutdown_tools/install/boot_shutdown_api_msgs/include/boot_shutdown_api_msgs/msg/detail/ecu_state__struct.h
-- Symlinking: /home/ito/boot_shutdown_tools/install/boot_shutdown_api_msgs/include/boot_shutdown_api_msgs/msg/detail/ecu_state__type_support.h
-- Symlinking: /home/ito/boot_shutdown_tools/install/boot_shutdown_api_msgs/include/boot_shutdown_api_msgs/msg/detail/ecu_state_summary__functions.h
-- Symlinking: /home/ito/boot_shutdown_tools/install/boot_shutdown_api_msgs/include/boot_shutdown_api_msgs/msg/detail/ecu_state_summary__struct.h
-- Symlinking: /home/ito/boot_shutdown_tools/install/boot_shutdown_api_msgs/include/boot_shutdown_api_msgs/msg/detail/ecu_state_summary__type_support.h
-- Symlinking: /home/ito/boot_shutdown_tools/install/boot_shutdown_api_msgs/include/boot_shutdown_api_msgs/msg/ecu_state.h
-- Symlinking: /home/ito/boot_shutdown_tools/install/boot_shutdown_api_msgs/include/boot_shutdown_api_msgs/msg/ecu_state_summary.h
-- Symlinking: /home/ito/boot_shutdown_tools/install/boot_shutdown_api_msgs/include/boot_shutdown_api_msgs/msg/rosidl_generator_c__visibility_control.h
-- Symlinking: /home/ito/boot_shutdown_tools/install/boot_shutdown_api_msgs/include/boot_shutdown_api_msgs/srv/detail/execute_shutdown__functions.h
-- Symlinking: /home/ito/boot_shutdown_tools/install/boot_shutdown_api_msgs/include/boot_shutdown_api_msgs/srv/detail/execute_shutdown__struct.h
-- Symlinking: /home/ito/boot_shutdown_tools/install/boot_shutdown_api_msgs/include/boot_shutdown_api_msgs/srv/detail/execute_shutdown__type_support.h
-- Symlinking: /home/ito/boot_shutdown_tools/install/boot_shutdown_api_msgs/include/boot_shutdown_api_msgs/srv/detail/prepare_shutdown__functions.h
-- Symlinking: /home/ito/boot_shutdown_tools/install/boot_shutdown_api_msgs/include/boot_shutdown_api_msgs/srv/detail/prepare_shutdown__struct.h
-- Symlinking: /home/ito/boot_shutdown_tools/install/boot_shutdown_api_msgs/include/boot_shutdown_api_msgs/srv/detail/prepare_shutdown__type_support.h
-- Symlinking: /home/ito/boot_shutdown_tools/install/boot_shutdown_api_msgs/include/boot_shutdown_api_msgs/srv/detail/shutdown__functions.h
-- Symlinking: /home/ito/boot_shutdown_tools/install/boot_shutdown_api_msgs/include/boot_shutdown_api_msgs/srv/detail/shutdown__struct.h
-- Symlinking: /home/ito/boot_shutdown_tools/install/boot_shutdown_api_msgs/include/boot_shutdown_api_msgs/srv/detail/shutdown__type_support.h
-- Symlinking: /home/ito/boot_shutdown_tools/install/boot_shutdown_api_msgs/include/boot_shutdown_api_msgs/srv/execute_shutdown.h
-- Symlinking: /home/ito/boot_shutdown_tools/install/boot_shutdown_api_msgs/include/boot_shutdown_api_msgs/srv/prepare_shutdown.h
-- Symlinking: /home/ito/boot_shutdown_tools/install/boot_shutdown_api_msgs/include/boot_shutdown_api_msgs/srv/shutdown.h
-- Symlinking: /home/ito/boot_shutdown_tools/install/boot_shutdown_api_msgs/share/boot_shutdown_api_msgs/environment/library_path.sh
-- Symlinking: /home/ito/boot_shutdown_tools/install/boot_shutdown_api_msgs/share/boot_shutdown_api_msgs/environment/library_path.dsv
-- Symlinking: /home/ito/boot_shutdown_tools/install/boot_shutdown_api_msgs/include/boot_shutdown_api_msgs/msg/detail/ecu_state__rosidl_typesupport_fastrtps_c.h
-- Symlinking: /home/ito/boot_shutdown_tools/install/boot_shutdown_api_msgs/include/boot_shutdown_api_msgs/msg/detail/ecu_state_summary__rosidl_typesupport_fastrtps_c.h
-- Symlinking: /home/ito/boot_shutdown_tools/install/boot_shutdown_api_msgs/include/boot_shutdown_api_msgs/msg/rosidl_typesupport_fastrtps_c__visibility_control.h
-- Symlinking: /home/ito/boot_shutdown_tools/install/boot_shutdown_api_msgs/include/boot_shutdown_api_msgs/srv/detail/execute_shutdown__rosidl_typesupport_fastrtps_c.h
-- Symlinking: /home/ito/boot_shutdown_tools/install/boot_shutdown_api_msgs/include/boot_shutdown_api_msgs/srv/detail/prepare_shutdown__rosidl_typesupport_fastrtps_c.h
-- Symlinking: /home/ito/boot_shutdown_tools/install/boot_shutdown_api_msgs/include/boot_shutdown_api_msgs/srv/detail/shutdown__rosidl_typesupport_fastrtps_c.h
-- Symlinking: /home/ito/boot_shutdown_tools/install/boot_shutdown_api_msgs/lib/libboot_shutdown_api_msgs__rosidl_typesupport_fastrtps_c.so
-- Symlinking: /home/ito/boot_shutdown_tools/install/boot_shutdown_api_msgs/include/boot_shutdown_api_msgs/msg/detail/ecu_state__rosidl_typesupport_fastrtps_cpp.hpp
-- Symlinking: /home/ito/boot_shutdown_tools/install/boot_shutdown_api_msgs/include/boot_shutdown_api_msgs/msg/detail/ecu_state_summary__rosidl_typesupport_fastrtps_cpp.hpp
-- Symlinking: /home/ito/boot_shutdown_tools/install/boot_shutdown_api_msgs/include/boot_shutdown_api_msgs/msg/rosidl_typesupport_fastrtps_cpp__visibility_control.h
-- Symlinking: /home/ito/boot_shutdown_tools/install/boot_shutdown_api_msgs/include/boot_shutdown_api_msgs/srv/detail/execute_shutdown__rosidl_typesupport_fastrtps_cpp.hpp
-- Symlinking: /home/ito/boot_shutdown_tools/install/boot_shutdown_api_msgs/include/boot_shutdown_api_msgs/srv/detail/prepare_shutdown__rosidl_typesupport_fastrtps_cpp.hpp
-- Symlinking: /home/ito/boot_shutdown_tools/install/boot_shutdown_api_msgs/include/boot_shutdown_api_msgs/srv/detail/shutdown__rosidl_typesupport_fastrtps_cpp.hpp
-- Symlinking: /home/ito/boot_shutdown_tools/install/boot_shutdown_api_msgs/lib/libboot_shutdown_api_msgs__rosidl_typesupport_fastrtps_cpp.so
-- Symlinking: /home/ito/boot_shutdown_tools/install/boot_shutdown_api_msgs/include/boot_shutdown_api_msgs/msg/detail/ecu_state__rosidl_typesupport_introspection_c.h
-- Symlinking: /home/ito/boot_shutdown_tools/install/boot_shutdown_api_msgs/include/boot_shutdown_api_msgs/msg/detail/ecu_state_summary__rosidl_typesupport_introspection_c.h
-- Symlinking: /home/ito/boot_shutdown_tools/install/boot_shutdown_api_msgs/include/boot_shutdown_api_msgs/msg/rosidl_typesupport_introspection_c__visibility_control.h
-- Symlinking: /home/ito/boot_shutdown_tools/install/boot_shutdown_api_msgs/include/boot_shutdown_api_msgs/srv/detail/execute_shutdown__rosidl_typesupport_introspection_c.h
-- Symlinking: /home/ito/boot_shutdown_tools/install/boot_shutdown_api_msgs/include/boot_shutdown_api_msgs/srv/detail/prepare_shutdown__rosidl_typesupport_introspection_c.h
-- Symlinking: /home/ito/boot_shutdown_tools/install/boot_shutdown_api_msgs/include/boot_shutdown_api_msgs/srv/detail/shutdown__rosidl_typesupport_introspection_c.h
-- Symlinking: /home/ito/boot_shutdown_tools/install/boot_shutdown_api_msgs/include/boot_shutdown_api_msgs/msg/detail/ecu_state__builder.hpp
-- Symlinking: /home/ito/boot_shutdown_tools/install/boot_shutdown_api_msgs/include/boot_shutdown_api_msgs/msg/detail/ecu_state__struct.hpp
-- Symlinking: /home/ito/boot_shutdown_tools/install/boot_shutdown_api_msgs/include/boot_shutdown_api_msgs/msg/detail/ecu_state__traits.hpp
-- Symlinking: /home/ito/boot_shutdown_tools/install/boot_shutdown_api_msgs/include/boot_shutdown_api_msgs/msg/detail/ecu_state_summary__builder.hpp
-- Symlinking: /home/ito/boot_shutdown_tools/install/boot_shutdown_api_msgs/include/boot_shutdown_api_msgs/msg/detail/ecu_state_summary__struct.hpp
-- Symlinking: /home/ito/boot_shutdown_tools/install/boot_shutdown_api_msgs/include/boot_shutdown_api_msgs/msg/detail/ecu_state_summary__traits.hpp
-- Symlinking: /home/ito/boot_shutdown_tools/install/boot_shutdown_api_msgs/include/boot_shutdown_api_msgs/msg/ecu_state.hpp
-- Symlinking: /home/ito/boot_shutdown_tools/install/boot_shutdown_api_msgs/include/boot_shutdown_api_msgs/msg/ecu_state_summary.hpp
-- Symlinking: /home/ito/boot_shutdown_tools/install/boot_shutdown_api_msgs/include/boot_shutdown_api_msgs/srv/detail/execute_shutdown__builder.hpp
-- Symlinking: /home/ito/boot_shutdown_tools/install/boot_shutdown_api_msgs/include/boot_shutdown_api_msgs/srv/detail/execute_shutdown__struct.hpp
-- Symlinking: /home/ito/boot_shutdown_tools/install/boot_shutdown_api_msgs/include/boot_shutdown_api_msgs/srv/detail/execute_shutdown__traits.hpp
-- Symlinking: /home/ito/boot_shutdown_tools/install/boot_shutdown_api_msgs/include/boot_shutdown_api_msgs/srv/detail/prepare_shutdown__builder.hpp
-- Symlinking: /home/ito/boot_shutdown_tools/install/boot_shutdown_api_msgs/include/boot_shutdown_api_msgs/srv/detail/prepare_shutdown__struct.hpp
-- Symlinking: /home/ito/boot_shutdown_tools/install/boot_shutdown_api_msgs/include/boot_shutdown_api_msgs/srv/detail/prepare_shutdown__traits.hpp
-- Symlinking: /home/ito/boot_shutdown_tools/install/boot_shutdown_api_msgs/include/boot_shutdown_api_msgs/srv/detail/shutdown__builder.hpp
-- Symlinking: /home/ito/boot_shutdown_tools/install/boot_shutdown_api_msgs/include/boot_shutdown_api_msgs/srv/detail/shutdown__struct.hpp
-- Symlinking: /home/ito/boot_shutdown_tools/install/boot_shutdown_api_msgs/include/boot_shutdown_api_msgs/srv/detail/shutdown__traits.hpp
-- Symlinking: /home/ito/boot_shutdown_tools/install/boot_shutdown_api_msgs/include/boot_shutdown_api_msgs/srv/execute_shutdown.hpp
-- Symlinking: /home/ito/boot_shutdown_tools/install/boot_shutdown_api_msgs/include/boot_shutdown_api_msgs/srv/prepare_shutdown.hpp
-- Symlinking: /home/ito/boot_shutdown_tools/install/boot_shutdown_api_msgs/include/boot_shutdown_api_msgs/srv/shutdown.hpp
-- Symlinking: /home/ito/boot_shutdown_tools/install/boot_shutdown_api_msgs/include/boot_shutdown_api_msgs/msg/detail/ecu_state__rosidl_typesupport_introspection_cpp.hpp
-- Symlinking: /home/ito/boot_shutdown_tools/install/boot_shutdown_api_msgs/include/boot_shutdown_api_msgs/msg/detail/ecu_state_summary__rosidl_typesupport_introspection_cpp.hpp
-- Symlinking: /home/ito/boot_shutdown_tools/install/boot_shutdown_api_msgs/include/boot_shutdown_api_msgs/srv/detail/execute_shutdown__rosidl_typesupport_introspection_cpp.hpp
-- Symlinking: /home/ito/boot_shutdown_tools/install/boot_shutdown_api_msgs/include/boot_shutdown_api_msgs/srv/detail/prepare_shutdown__rosidl_typesupport_introspection_cpp.hpp
-- Symlinking: /home/ito/boot_shutdown_tools/install/boot_shutdown_api_msgs/include/boot_shutdown_api_msgs/srv/detail/shutdown__rosidl_typesupport_introspection_cpp.hpp
-- Symlinking: /home/ito/boot_shutdown_tools/install/boot_shutdown_api_msgs/share/boot_shutdown_api_msgs/environment/pythonpath.sh
-- Symlinking: /home/ito/boot_shutdown_tools/install/boot_shutdown_api_msgs/share/boot_shutdown_api_msgs/environment/pythonpath.dsv
-- Symlinking: /home/ito/boot_shutdown_tools/install/boot_shutdown_api_msgs/lib/python3.8/site-packages/boot_shutdown_api_msgs/__init__.py
-- Symlinking: /home/ito/boot_shutdown_tools/install/boot_shutdown_api_msgs/lib/python3.8/site-packages/boot_shutdown_api_msgs/msg/__init__.py
-- Symlinking: /home/ito/boot_shutdown_tools/install/boot_shutdown_api_msgs/lib/python3.8/site-packages/boot_shutdown_api_msgs/msg/_ecu_state.py
-- Symlinking: /home/ito/boot_shutdown_tools/install/boot_shutdown_api_msgs/lib/python3.8/site-packages/boot_shutdown_api_msgs/msg/_ecu_state_summary.py
-- Symlinking: /home/ito/boot_shutdown_tools/install/boot_shutdown_api_msgs/lib/python3.8/site-packages/boot_shutdown_api_msgs/srv/__init__.py
-- Symlinking: /home/ito/boot_shutdown_tools/install/boot_shutdown_api_msgs/lib/python3.8/site-packages/boot_shutdown_api_msgs/srv/_execute_shutdown.py
-- Symlinking: /home/ito/boot_shutdown_tools/install/boot_shutdown_api_msgs/lib/python3.8/site-packages/boot_shutdown_api_msgs/srv/_prepare_shutdown.py
-- Symlinking: /home/ito/boot_shutdown_tools/install/boot_shutdown_api_msgs/lib/python3.8/site-packages/boot_shutdown_api_msgs/srv/_shutdown.py
-- Symlinking: /home/ito/boot_shutdown_tools/install/boot_shutdown_api_msgs/lib/python3.8/site-packages/boot_shutdown_api_msgs/boot_shutdown_api_msgs_s__rosidl_typesupport_fastrtps_c.cpython-38-x86_64-linux-gnu.so
-- Symlinking: /home/ito/boot_shutdown_tools/install/boot_shutdown_api_msgs/lib/python3.8/site-packages/boot_shutdown_api_msgs/boot_shutdown_api_msgs_s__rosidl_typesupport_introspection_c.cpython-38-x86_64-linux-gnu.so
-- Symlinking: /home/ito/boot_shutdown_tools/install/boot_shutdown_api_msgs/lib/python3.8/site-packages/boot_shutdown_api_msgs/boot_shutdown_api_msgs_s__rosidl_typesupport_c.cpython-38-x86_64-linux-gnu.so
-- Symlinking: /home/ito/boot_shutdown_tools/install/boot_shutdown_api_msgs/lib/libboot_shutdown_api_msgs__python.so
-- Symlinking: /home/ito/boot_shutdown_tools/install/boot_shutdown_api_msgs/share/boot_shutdown_api_msgs/msg/EcuState.idl
-- Symlinking: /home/ito/boot_shutdown_tools/install/boot_shutdown_api_msgs/share/boot_shutdown_api_msgs/msg/EcuStateSummary.idl
-- Symlinking: /home/ito/boot_shutdown_tools/install/boot_shutdown_api_msgs/share/boot_shutdown_api_msgs/srv/ExecuteShutdown.idl
-- Symlinking: /home/ito/boot_shutdown_tools/install/boot_shutdown_api_msgs/share/boot_shutdown_api_msgs/srv/PrepareShutdown.idl
-- Symlinking: /home/ito/boot_shutdown_tools/install/boot_shutdown_api_msgs/share/boot_shutdown_api_msgs/srv/Shutdown.idl
-- Symlinking: /home/ito/boot_shutdown_tools/install/boot_shutdown_api_msgs/share/boot_shutdown_api_msgs/msg/EcuState.msg
-- Symlinking: /home/ito/boot_shutdown_tools/install/boot_shutdown_api_msgs/share/boot_shutdown_api_msgs/msg/EcuStateSummary.msg
-- Symlinking: /home/ito/boot_shutdown_tools/install/boot_shutdown_api_msgs/share/boot_shutdown_api_msgs/srv/ExecuteShutdown.srv
-- Symlinking: /home/ito/boot_shutdown_tools/install/boot_shutdown_api_msgs/share/boot_shutdown_api_msgs/srv/ExecuteShutdown_Request.msg
-- Symlinking: /home/ito/boot_shutdown_tools/install/boot_shutdown_api_msgs/share/boot_shutdown_api_msgs/srv/ExecuteShutdown_Response.msg
-- Symlinking: /home/ito/boot_shutdown_tools/install/boot_shutdown_api_msgs/share/boot_shutdown_api_msgs/srv/PrepareShutdown.srv
-- Symlinking: /home/ito/boot_shutdown_tools/install/boot_shutdown_api_msgs/share/boot_shutdown_api_msgs/srv/PrepareShutdown_Request.msg
-- Symlinking: /home/ito/boot_shutdown_tools/install/boot_shutdown_api_msgs/share/boot_shutdown_api_msgs/srv/PrepareShutdown_Response.msg
-- Symlinking: /home/ito/boot_shutdown_tools/install/boot_shutdown_api_msgs/share/boot_shutdown_api_msgs/srv/Shutdown.srv
-- Symlinking: /home/ito/boot_shutdown_tools/install/boot_shutdown_api_msgs/share/boot_shutdown_api_msgs/srv/Shutdown_Request.msg
-- Symlinking: /home/ito/boot_shutdown_tools/install/boot_shutdown_api_msgs/share/boot_shutdown_api_msgs/srv/Shutdown_Response.msg
-- Symlinking: /home/ito/boot_shutdown_tools/install/boot_shutdown_api_msgs/share/ament_index/resource_index/package_run_dependencies/boot_shutdown_api_msgs
-- Symlinking: /home/ito/boot_shutdown_tools/install/boot_shutdown_api_msgs/share/ament_index/resource_index/parent_prefix_path/boot_shutdown_api_msgs
-- Symlinking: /home/ito/boot_shutdown_tools/install/boot_shutdown_api_msgs/share/boot_shutdown_api_msgs/environment/ament_prefix_path.sh
-- Symlinking: /home/ito/boot_shutdown_tools/install/boot_shutdown_api_msgs/share/boot_shutdown_api_msgs/environment/ament_prefix_path.dsv
-- Symlinking: /home/ito/boot_shutdown_tools/install/boot_shutdown_api_msgs/share/boot_shutdown_api_msgs/environment/path.sh
-- Symlinking: /home/ito/boot_shutdown_tools/install/boot_shutdown_api_msgs/share/boot_shutdown_api_msgs/environment/path.dsv
-- Symlinking: /home/ito/boot_shutdown_tools/install/boot_shutdown_api_msgs/share/boot_shutdown_api_msgs/local_setup.bash
-- Symlinking: /home/ito/boot_shutdown_tools/install/boot_shutdown_api_msgs/share/boot_shutdown_api_msgs/local_setup.sh
-- Symlinking: /home/ito/boot_shutdown_tools/install/boot_shutdown_api_msgs/share/boot_shutdown_api_msgs/local_setup.zsh
-- Symlinking: /home/ito/boot_shutdown_tools/install/boot_shutdown_api_msgs/share/boot_shutdown_api_msgs/local_setup.dsv
-- Symlinking: /home/ito/boot_shutdown_tools/install/boot_shutdown_api_msgs/share/boot_shutdown_api_msgs/package.dsv
-- Symlinking: /home/ito/boot_shutdown_tools/install/boot_shutdown_api_msgs/share/ament_index/resource_index/packages/boot_shutdown_api_msgs
-- Symlinking: /home/ito/boot_shutdown_tools/install/boot_shutdown_api_msgs/share/boot_shutdown_api_msgs/cmake/rosidl_cmake-extras.cmake
-- Symlinking: /home/ito/boot_shutdown_tools/install/boot_shutdown_api_msgs/share/boot_shutdown_api_msgs/cmake/ament_cmake_export_dependencies-extras.cmake
-- Symlinking: /home/ito/boot_shutdown_tools/install/boot_shutdown_api_msgs/share/boot_shutdown_api_msgs/cmake/ament_cmake_export_libraries-extras.cmake
-- Symlinking: /home/ito/boot_shutdown_tools/install/boot_shutdown_api_msgs/share/boot_shutdown_api_msgs/cmake/ament_cmake_export_targets-extras.cmake
-- Symlinking: /home/ito/boot_shutdown_tools/install/boot_shutdown_api_msgs/share/boot_shutdown_api_msgs/cmake/ament_cmake_export_include_directories-extras.cmake
-- Symlinking: /home/ito/boot_shutdown_tools/install/boot_shutdown_api_msgs/share/boot_shutdown_api_msgs/cmake/rosidl_cmake_export_typesupport_libraries-extras.cmake
-- Symlinking: /home/ito/boot_shutdown_tools/install/boot_shutdown_api_msgs/share/boot_shutdown_api_msgs/cmake/rosidl_cmake_export_typesupport_targets-extras.cmake
-- Symlinking: /home/ito/boot_shutdown_tools/install/boot_shutdown_api_msgs/share/boot_shutdown_api_msgs/cmake/boot_shutdown_api_msgsConfig.cmake
-- Symlinking: /home/ito/boot_shutdown_tools/install/boot_shutdown_api_msgs/share/boot_shutdown_api_msgs/cmake/boot_shutdown_api_msgsConfig-version.cmake
-- Symlinking: /home/ito/boot_shutdown_tools/install/boot_shutdown_api_msgs/share/boot_shutdown_api_msgs/package.xml
-- Installing: /home/ito/boot_shutdown_tools/install/boot_shutdown_api_msgs/lib/libboot_shutdown_api_msgs__rosidl_generator_c.so
-- Set runtime path of "/home/ito/boot_shutdown_tools/install/boot_shutdown_api_msgs/lib/libboot_shutdown_api_msgs__rosidl_generator_c.so" to ""
-- Installing: /home/ito/boot_shutdown_tools/install/boot_shutdown_api_msgs/lib/libboot_shutdown_api_msgs__rosidl_typesupport_introspection_c.so
-- Set runtime path of "/home/ito/boot_shutdown_tools/install/boot_shutdown_api_msgs/lib/libboot_shutdown_api_msgs__rosidl_typesupport_introspection_c.so" to ""
-- Installing: /home/ito/boot_shutdown_tools/install/boot_shutdown_api_msgs/lib/libboot_shutdown_api_msgs__rosidl_typesupport_c.so
-- Set runtime path of "/home/ito/boot_shutdown_tools/install/boot_shutdown_api_msgs/lib/libboot_shutdown_api_msgs__rosidl_typesupport_c.so" to ""
-- Installing: /home/ito/boot_shutdown_tools/install/boot_shutdown_api_msgs/lib/libboot_shutdown_api_msgs__rosidl_typesupport_introspection_cpp.so
-- Set runtime path of "/home/ito/boot_shutdown_tools/install/boot_shutdown_api_msgs/lib/libboot_shutdown_api_msgs__rosidl_typesupport_introspection_cpp.so" to ""
-- Installing: /home/ito/boot_shutdown_tools/install/boot_shutdown_api_msgs/lib/libboot_shutdown_api_msgs__rosidl_typesupport_cpp.so
-- Set runtime path of "/home/ito/boot_shutdown_tools/install/boot_shutdown_api_msgs/lib/libboot_shutdown_api_msgs__rosidl_typesupport_cpp.so" to ""
Compiling '/home/ito/boot_shutdown_tools/install/boot_shutdown_api_msgs/lib/python3.8/site-packages/boot_shutdown_api_msgs/__init__.py'...
-- Installing: /home/ito/boot_shutdown_tools/install/boot_shutdown_api_msgs/share/boot_shutdown_api_msgs/cmake/boot_shutdown_api_msgs__rosidl_generator_cExport.cmake
-- Installing: /home/ito/boot_shutdown_tools/install/boot_shutdown_api_msgs/share/boot_shutdown_api_msgs/cmake/boot_shutdown_api_msgs__rosidl_generator_cExport-release.cmake
-- Installing: /home/ito/boot_shutdown_tools/install/boot_shutdown_api_msgs/share/boot_shutdown_api_msgs/cmake/boot_shutdown_api_msgs__rosidl_typesupport_introspection_cExport.cmake
-- Installing: /home/ito/boot_shutdown_tools/install/boot_shutdown_api_msgs/share/boot_shutdown_api_msgs/cmake/boot_shutdown_api_msgs__rosidl_typesupport_introspection_cExport-release.cmake
-- Installing: /home/ito/boot_shutdown_tools/install/boot_shutdown_api_msgs/share/boot_shutdown_api_msgs/cmake/boot_shutdown_api_msgs__rosidl_typesupport_cExport.cmake
-- Installing: /home/ito/boot_shutdown_tools/install/boot_shutdown_api_msgs/share/boot_shutdown_api_msgs/cmake/boot_shutdown_api_msgs__rosidl_typesupport_cExport-release.cmake
-- Installing: /home/ito/boot_shutdown_tools/install/boot_shutdown_api_msgs/share/boot_shutdown_api_msgs/cmake/boot_shutdown_api_msgs__rosidl_generator_cppExport.cmake
-- Installing: /home/ito/boot_shutdown_tools/install/boot_shutdown_api_msgs/share/boot_shutdown_api_msgs/cmake/boot_shutdown_api_msgs__rosidl_typesupport_introspection_cppExport.cmake
-- Installing: /home/ito/boot_shutdown_tools/install/boot_shutdown_api_msgs/share/boot_shutdown_api_msgs/cmake/boot_shutdown_api_msgs__rosidl_typesupport_introspection_cppExport-release.cmake
-- Installing: /home/ito/boot_shutdown_tools/install/boot_shutdown_api_msgs/share/boot_shutdown_api_msgs/cmake/boot_shutdown_api_msgs__rosidl_typesupport_cppExport.cmake
-- Installing: /home/ito/boot_shutdown_tools/install/boot_shutdown_api_msgs/share/boot_shutdown_api_msgs/cmake/boot_shutdown_api_msgs__rosidl_typesupport_cppExport-release.cmake
