[0.030s] Invoking command in '/home/ito/boot_shutdown_tools/build/boot_shutdown_api_msgs': CMAKE_PREFIX_PATH=${CMAKE_PREFIX_PATH}:/home/ito/autoware/install/scenario_test_runner:/home/ito/autoware/install/simulator_compatibility_test:/home/ito/autoware/install/openscenario_utility:/opt/ros/galactic /usr/bin/cmake /home/ito/boot_shutdown_tools/boot_shutdown_api_msgs -DCMAKE_BUILD_TYPE=Release -DAMENT_CMAKE_SYMLINK_INSTALL=1 -DCMAKE_INSTALL_PREFIX=/home/ito/boot_shutdown_tools/install/boot_shutdown_api_msgs
[0.059s] -- Found ament_cmake_auto: 1.1.5 (/opt/ros/galactic/share/ament_cmake_auto/cmake)
[0.086s] -- Found PythonInterp: /usr/bin/python3 (found suitable version "3.8.10", minimum required is "3") 
[0.086s] -- Using PYTHON_EXECUTABLE: /usr/bin/python3
[0.149s] -- Override CMake install command with custom implementation using symlinks instead of copying resources
[0.266s] -- Using all available rosidl_typesupport_c: rosidl_typesupport_fastrtps_c;rosidl_typesupport_introspection_c
[0.269s] -- Found rosidl_adapter: 2.2.2 (/opt/ros/galactic/share/rosidl_adapter/cmake)
[0.437s] -- Using all available rosidl_typesupport_cpp: rosidl_typesupport_fastrtps_cpp;rosidl_typesupport_introspection_cpp
[0.700s] -- Found PythonInterp: /usr/bin/python3 (found version "3.8.10") 
[0.909s] -- Found ament_cmake_ros: 0.9.2 (/opt/ros/galactic/share/ament_cmake_ros/cmake)
[1.447s] -- Using all available rosidl_typesupport_c: rosidl_typesupport_fastrtps_c;rosidl_typesupport_introspection_c
[1.700s] -- Using all available rosidl_typesupport_cpp: rosidl_typesupport_fastrtps_cpp;rosidl_typesupport_introspection_cpp
[1.794s] -- Found PythonInterp: /usr/bin/python3 (found suitable version "3.8.10", minimum required is "3.5") 
[1.806s] -- Found python_cmake_module: 0.8.1 (/opt/ros/galactic/share/python_cmake_module/cmake)
[1.850s] -- Found PythonLibs: /usr/lib/x86_64-linux-gnu/libpython3.8.so (found suitable version "3.8.10", minimum required is "3.5") 
[1.850s] -- Using PYTHON_EXECUTABLE: /usr/bin/python3
[1.850s] -- Using PYTHON_INCLUDE_DIRS: /usr/include/python3.8
[1.850s] -- Using PYTHON_LIBRARIES: /usr/lib/x86_64-linux-gnu/libpython3.8.so
[1.878s] -- Found PythonExtra: .so  
[2.548s] -- Found ament_lint_auto: 0.10.7 (/opt/ros/galactic/share/ament_lint_auto/cmake)
[2.627s] -- Added test 'copyright' to check source files copyright and LICENSE
[2.631s] -- Added test 'lint_cmake' to check CMake code style
[2.633s] -- Added test 'xmllint' to check XML markup files
[2.642s] -- Configuring done
[2.702s] -- Generating done
[2.704s] -- Build files have been written to: /home/ito/boot_shutdown_tools/build/boot_shutdown_api_msgs
[2.709s] Invoked command in '/home/ito/boot_shutdown_tools/build/boot_shutdown_api_msgs' returned '0': CMAKE_PREFIX_PATH=${CMAKE_PREFIX_PATH}:/home/ito/autoware/install/scenario_test_runner:/home/ito/autoware/install/simulator_compatibility_test:/home/ito/autoware/install/openscenario_utility:/opt/ros/galactic /usr/bin/cmake /home/ito/boot_shutdown_tools/boot_shutdown_api_msgs -DCMAKE_BUILD_TYPE=Release -DAMENT_CMAKE_SYMLINK_INSTALL=1 -DCMAKE_INSTALL_PREFIX=/home/ito/boot_shutdown_tools/install/boot_shutdown_api_msgs
[2.711s] Invoking command in '/home/ito/boot_shutdown_tools/build/boot_shutdown_api_msgs': CMAKE_PREFIX_PATH=${CMAKE_PREFIX_PATH}:/home/ito/autoware/install/scenario_test_runner:/home/ito/autoware/install/simulator_compatibility_test:/home/ito/autoware/install/openscenario_utility:/opt/ros/galactic /usr/bin/cmake --build /home/ito/boot_shutdown_tools/build/boot_shutdown_api_msgs -- -j12 -l12
[2.794s] [  1%] [34m[1mGenerating C code for ROS interfaces[0m
[2.794s] [35m[1mScanning dependencies of target boot_shutdown_api_msgs__cpp[0m
[2.817s] [  3%] [34m[1mGenerating C++ code for ROS interfaces[0m
[3.295s] [  3%] Built target boot_shutdown_api_msgs__cpp
[3.333s] [  4%] [34m[1mGenerating C++ type support for eProsima Fast-RTPS[0m
[3.334s] [  6%] [34m[1mGenerating C++ type support dispatch for ROS interfaces[0m
[3.344s] [35m[1mScanning dependencies of target boot_shutdown_api_msgs__rosidl_generator_c[0m
[3.347s] [  7%] [34m[1mGenerating C++ introspection for ROS interfaces[0m
[3.376s] [  9%] [32mBuilding C object CMakeFiles/boot_shutdown_api_msgs__rosidl_generator_c.dir/rosidl_generator_c/boot_shutdown_api_msgs/srv/detail/execute_shutdown__functions.c.o[0m
[3.376s] [ 11%] [32mBuilding C object CMakeFiles/boot_shutdown_api_msgs__rosidl_generator_c.dir/rosidl_generator_c/boot_shutdown_api_msgs/msg/detail/ecu_state_summary__functions.c.o[0m
[3.377s] [ 12%] [32mBuilding C object CMakeFiles/boot_shutdown_api_msgs__rosidl_generator_c.dir/rosidl_generator_c/boot_shutdown_api_msgs/srv/detail/prepare_shutdown__functions.c.o[0m
[3.387s] [ 14%] [32mBuilding C object CMakeFiles/boot_shutdown_api_msgs__rosidl_generator_c.dir/rosidl_generator_c/boot_shutdown_api_msgs/msg/detail/ecu_state__functions.c.o[0m
[3.388s] [ 15%] [32mBuilding C object CMakeFiles/boot_shutdown_api_msgs__rosidl_generator_c.dir/rosidl_generator_c/boot_shutdown_api_msgs/srv/detail/shutdown__functions.c.o[0m
[3.537s] [ 17%] [32m[1mLinking C shared library libboot_shutdown_api_msgs__rosidl_generator_c.so[0m
[3.609s] [ 17%] Built target boot_shutdown_api_msgs__rosidl_generator_c
[3.635s] [ 20%] [34m[1mGenerating C introspection for ROS interfaces[0m
[3.635s] [ 20%] [34m[1mGenerating C type support dispatch for ROS interfaces[0m
[3.720s] [35m[1mScanning dependencies of target boot_shutdown_api_msgs__rosidl_typesupport_cpp[0m
[3.764s] [ 22%] [32mBuilding CXX object CMakeFiles/boot_shutdown_api_msgs__rosidl_typesupport_cpp.dir/rosidl_typesupport_cpp/boot_shutdown_api_msgs/msg/ecu_state__type_support.cpp.o[0m
[3.782s] [ 23%] [32mBuilding CXX object CMakeFiles/boot_shutdown_api_msgs__rosidl_typesupport_cpp.dir/rosidl_typesupport_cpp/boot_shutdown_api_msgs/srv/shutdown__type_support.cpp.o[0m
[3.789s] [ 25%] [32mBuilding CXX object CMakeFiles/boot_shutdown_api_msgs__rosidl_typesupport_cpp.dir/rosidl_typesupport_cpp/boot_shutdown_api_msgs/srv/execute_shutdown__type_support.cpp.o[0m
[3.790s] [ 26%] [32mBuilding CXX object CMakeFiles/boot_shutdown_api_msgs__rosidl_typesupport_cpp.dir/rosidl_typesupport_cpp/boot_shutdown_api_msgs/srv/prepare_shutdown__type_support.cpp.o[0m
[3.790s] [ 28%] [32mBuilding CXX object CMakeFiles/boot_shutdown_api_msgs__rosidl_typesupport_cpp.dir/rosidl_typesupport_cpp/boot_shutdown_api_msgs/msg/ecu_state_summary__type_support.cpp.o[0m
[3.822s] [35m[1mScanning dependencies of target boot_shutdown_api_msgs__rosidl_typesupport_introspection_cpp[0m
[3.874s] [ 30%] [32mBuilding CXX object CMakeFiles/boot_shutdown_api_msgs__rosidl_typesupport_introspection_cpp.dir/rosidl_typesupport_introspection_cpp/boot_shutdown_api_msgs/msg/detail/ecu_state_summary__type_support.cpp.o[0m
[3.875s] [ 31%] [32mBuilding CXX object CMakeFiles/boot_shutdown_api_msgs__rosidl_typesupport_introspection_cpp.dir/rosidl_typesupport_introspection_cpp/boot_shutdown_api_msgs/msg/detail/ecu_state__type_support.cpp.o[0m
[3.879s] [ 33%] [32mBuilding CXX object CMakeFiles/boot_shutdown_api_msgs__rosidl_typesupport_introspection_cpp.dir/rosidl_typesupport_introspection_cpp/boot_shutdown_api_msgs/srv/detail/prepare_shutdown__type_support.cpp.o[0m
[3.880s] [ 34%] [32mBuilding CXX object CMakeFiles/boot_shutdown_api_msgs__rosidl_typesupport_introspection_cpp.dir/rosidl_typesupport_introspection_cpp/boot_shutdown_api_msgs/srv/detail/execute_shutdown__type_support.cpp.o[0m
[3.899s] [35m[1mScanning dependencies of target boot_shutdown_api_msgs__rosidl_typesupport_fastrtps_cpp[0m
[3.966s] [ 36%] [32mBuilding CXX object CMakeFiles/boot_shutdown_api_msgs__rosidl_typesupport_fastrtps_cpp.dir/rosidl_typesupport_fastrtps_cpp/boot_shutdown_api_msgs/msg/detail/dds_fastrtps/ecu_state__type_support.cpp.o[0m
[4.256s] [ 39%] [32mBuilding CXX object CMakeFiles/boot_shutdown_api_msgs__rosidl_typesupport_introspection_cpp.dir/rosidl_typesupport_introspection_cpp/boot_shutdown_api_msgs/srv/detail/shutdown__type_support.cpp.o[0m
[4.257s] [ 39%] [32mBuilding CXX object CMakeFiles/boot_shutdown_api_msgs__rosidl_typesupport_fastrtps_cpp.dir/rosidl_typesupport_fastrtps_cpp/boot_shutdown_api_msgs/msg/detail/dds_fastrtps/ecu_state_summary__type_support.cpp.o[0m
[4.259s] [ 42%] [32m[1mLinking CXX shared library libboot_shutdown_api_msgs__rosidl_typesupport_cpp.so[0m
[4.259s] [ 42%] [32mBuilding CXX object CMakeFiles/boot_shutdown_api_msgs__rosidl_typesupport_fastrtps_cpp.dir/rosidl_typesupport_fastrtps_cpp/boot_shutdown_api_msgs/srv/detail/dds_fastrtps/execute_shutdown__type_support.cpp.o[0m
[4.267s] [ 44%] [32mBuilding CXX object CMakeFiles/boot_shutdown_api_msgs__rosidl_typesupport_fastrtps_cpp.dir/rosidl_typesupport_fastrtps_cpp/boot_shutdown_api_msgs/srv/detail/dds_fastrtps/prepare_shutdown__type_support.cpp.o[0m
[4.327s] [35m[1mScanning dependencies of target boot_shutdown_api_msgs__rosidl_typesupport_c[0m
[4.377s] [ 47%] [32mBuilding CXX object CMakeFiles/boot_shutdown_api_msgs__rosidl_typesupport_c.dir/rosidl_typesupport_c/boot_shutdown_api_msgs/msg/ecu_state_summary__type_support.cpp.o[0m
[4.377s] [ 47%] [32mBuilding CXX object CMakeFiles/boot_shutdown_api_msgs__rosidl_typesupport_fastrtps_cpp.dir/rosidl_typesupport_fastrtps_cpp/boot_shutdown_api_msgs/srv/detail/dds_fastrtps/shutdown__type_support.cpp.o[0m
[4.379s] [ 49%] [32mBuilding CXX object CMakeFiles/boot_shutdown_api_msgs__rosidl_typesupport_c.dir/rosidl_typesupport_c/boot_shutdown_api_msgs/msg/ecu_state__type_support.cpp.o[0m
[4.388s] [ 49%] Built target boot_shutdown_api_msgs__rosidl_typesupport_cpp
[4.424s] [ 50%] [32mBuilding CXX object CMakeFiles/boot_shutdown_api_msgs__rosidl_typesupport_c.dir/rosidl_typesupport_c/boot_shutdown_api_msgs/srv/execute_shutdown__type_support.cpp.o[0m
[4.458s] [ 52%] [32mBuilding CXX object CMakeFiles/boot_shutdown_api_msgs__rosidl_typesupport_c.dir/rosidl_typesupport_c/boot_shutdown_api_msgs/srv/prepare_shutdown__type_support.cpp.o[0m
[4.489s] [ 53%] [32mBuilding CXX object CMakeFiles/boot_shutdown_api_msgs__rosidl_typesupport_c.dir/rosidl_typesupport_c/boot_shutdown_api_msgs/srv/shutdown__type_support.cpp.o[0m
[4.505s] [35m[1mScanning dependencies of target boot_shutdown_api_msgs__rosidl_typesupport_introspection_c[0m
[4.554s] [ 57%] [32mBuilding C object CMakeFiles/boot_shutdown_api_msgs__rosidl_typesupport_introspection_c.dir/rosidl_typesupport_introspection_c/boot_shutdown_api_msgs/msg/detail/ecu_state__type_support.c.o[0m
[4.554s] [ 57%] [32mBuilding C object CMakeFiles/boot_shutdown_api_msgs__rosidl_typesupport_introspection_c.dir/rosidl_typesupport_introspection_c/boot_shutdown_api_msgs/msg/detail/ecu_state_summary__type_support.c.o[0m
[4.554s] [ 58%] [32mBuilding C object CMakeFiles/boot_shutdown_api_msgs__rosidl_typesupport_introspection_c.dir/rosidl_typesupport_introspection_c/boot_shutdown_api_msgs/srv/detail/execute_shutdown__type_support.c.o[0m
[4.554s] [ 60%] [32mBuilding C object CMakeFiles/boot_shutdown_api_msgs__rosidl_typesupport_introspection_c.dir/rosidl_typesupport_introspection_c/boot_shutdown_api_msgs/srv/detail/prepare_shutdown__type_support.c.o[0m
[4.554s] [ 61%] [32mBuilding C object CMakeFiles/boot_shutdown_api_msgs__rosidl_typesupport_introspection_c.dir/rosidl_typesupport_introspection_c/boot_shutdown_api_msgs/srv/detail/shutdown__type_support.c.o[0m
[4.566s] [ 63%] [32m[1mLinking CXX shared library libboot_shutdown_api_msgs__rosidl_typesupport_c.so[0m
[4.644s] [ 65%] [32m[1mLinking C shared library libboot_shutdown_api_msgs__rosidl_typesupport_introspection_c.so[0m
[4.671s] [ 65%] Built target boot_shutdown_api_msgs__rosidl_typesupport_c
[4.678s] [ 66%] [32m[1mLinking CXX shared library libboot_shutdown_api_msgs__rosidl_typesupport_introspection_cpp.so[0m
[4.706s] [ 66%] Built target boot_shutdown_api_msgs__rosidl_typesupport_introspection_c
[4.765s] [ 66%] Built target boot_shutdown_api_msgs__rosidl_typesupport_introspection_cpp
[4.930s] [ 68%] [32m[1mLinking CXX shared library libboot_shutdown_api_msgs__rosidl_typesupport_fastrtps_cpp.so[0m
[5.058s] [ 68%] Built target boot_shutdown_api_msgs__rosidl_typesupport_fastrtps_cpp
[5.081s] [ 69%] [34m[1mGenerating C type support for eProsima Fast-RTPS[0m
[5.480s] [35m[1mScanning dependencies of target boot_shutdown_api_msgs__rosidl_typesupport_fastrtps_c[0m
[5.547s] [ 76%] [32mBuilding CXX object CMakeFiles/boot_shutdown_api_msgs__rosidl_typesupport_fastrtps_c.dir/rosidl_typesupport_fastrtps_c/boot_shutdown_api_msgs/srv/detail/prepare_shutdown__type_support_c.cpp.o[0m
[5.547s] [ 76%] [32mBuilding CXX object CMakeFiles/boot_shutdown_api_msgs__rosidl_typesupport_fastrtps_c.dir/rosidl_typesupport_fastrtps_c/boot_shutdown_api_msgs/msg/detail/ecu_state_summary__type_support_c.cpp.o[0m
[5.547s] [ 76%] [32mBuilding CXX object CMakeFiles/boot_shutdown_api_msgs__rosidl_typesupport_fastrtps_c.dir/rosidl_typesupport_fastrtps_c/boot_shutdown_api_msgs/msg/detail/ecu_state__type_support_c.cpp.o[0m
[5.547s] [ 76%] [32mBuilding CXX object CMakeFiles/boot_shutdown_api_msgs__rosidl_typesupport_fastrtps_c.dir/rosidl_typesupport_fastrtps_c/boot_shutdown_api_msgs/srv/detail/execute_shutdown__type_support_c.cpp.o[0m
[5.549s] [ 77%] [32mBuilding CXX object CMakeFiles/boot_shutdown_api_msgs__rosidl_typesupport_fastrtps_c.dir/rosidl_typesupport_fastrtps_c/boot_shutdown_api_msgs/srv/detail/shutdown__type_support_c.cpp.o[0m
[5.899s] [ 79%] [32m[1mLinking CXX shared library libboot_shutdown_api_msgs__rosidl_typesupport_fastrtps_c.so[0m
[5.994s] [ 79%] Built target boot_shutdown_api_msgs__rosidl_typesupport_fastrtps_c
[6.015s] [35m[1mScanning dependencies of target boot_shutdown_api_msgs[0m
[6.039s] [ 79%] Built target boot_shutdown_api_msgs
[6.063s] [35m[1mScanning dependencies of target boot_shutdown_api_msgs__py[0m
[6.085s] [ 80%] [34m[1mGenerating Python code for ROS interfaces[0m
[7.068s] [ 80%] Built target boot_shutdown_api_msgs__py
[7.090s] [35m[1mScanning dependencies of target boot_shutdown_api_msgs__python[0m
[7.137s] [ 85%] [32mBuilding C object CMakeFiles/boot_shutdown_api_msgs__python.dir/rosidl_generator_py/boot_shutdown_api_msgs/srv/_prepare_shutdown_s.c.o[0m
[7.137s] [ 85%] [32mBuilding C object CMakeFiles/boot_shutdown_api_msgs__python.dir/rosidl_generator_py/boot_shutdown_api_msgs/msg/_ecu_state_summary_s.c.o[0m
[7.137s] [ 85%] [32mBuilding C object CMakeFiles/boot_shutdown_api_msgs__python.dir/rosidl_generator_py/boot_shutdown_api_msgs/srv/_execute_shutdown_s.c.o[0m
[7.137s] [ 87%] [32mBuilding C object CMakeFiles/boot_shutdown_api_msgs__python.dir/rosidl_generator_py/boot_shutdown_api_msgs/msg/_ecu_state_s.c.o[0m
[7.137s] [ 88%] [32mBuilding C object CMakeFiles/boot_shutdown_api_msgs__python.dir/rosidl_generator_py/boot_shutdown_api_msgs/srv/_shutdown_s.c.o[0m
[7.265s] [ 90%] [32m[1mLinking C shared library rosidl_generator_py/boot_shutdown_api_msgs/libboot_shutdown_api_msgs__python.so[0m
[7.334s] [ 90%] Built target boot_shutdown_api_msgs__python
[7.357s] [35m[1mScanning dependencies of target boot_shutdown_api_msgs__rosidl_typesupport_c__pyext[0m
[7.357s] [35m[1mScanning dependencies of target boot_shutdown_api_msgs__rosidl_typesupport_introspection_c__pyext[0m
[7.358s] [35m[1mScanning dependencies of target boot_shutdown_api_msgs__rosidl_typesupport_fastrtps_c__pyext[0m
[7.387s] [ 92%] [32mBuilding C object CMakeFiles/boot_shutdown_api_msgs__rosidl_typesupport_introspection_c__pyext.dir/rosidl_generator_py/boot_shutdown_api_msgs/_boot_shutdown_api_msgs_s.ep.rosidl_typesupport_introspection_c.c.o[0m
[7.387s] [ 93%] [32mBuilding C object CMakeFiles/boot_shutdown_api_msgs__rosidl_typesupport_c__pyext.dir/rosidl_generator_py/boot_shutdown_api_msgs/_boot_shutdown_api_msgs_s.ep.rosidl_typesupport_c.c.o[0m
[7.389s] [ 95%] [32mBuilding C object CMakeFiles/boot_shutdown_api_msgs__rosidl_typesupport_fastrtps_c__pyext.dir/rosidl_generator_py/boot_shutdown_api_msgs/_boot_shutdown_api_msgs_s.ep.rosidl_typesupport_fastrtps_c.c.o[0m
[7.556s] [ 98%] [32m[1mLinking C shared library rosidl_generator_py/boot_shutdown_api_msgs/boot_shutdown_api_msgs_s__rosidl_typesupport_c.cpython-38-x86_64-linux-gnu.so[0m
[7.556s] [ 98%] [32m[1mLinking C shared library rosidl_generator_py/boot_shutdown_api_msgs/boot_shutdown_api_msgs_s__rosidl_typesupport_introspection_c.cpython-38-x86_64-linux-gnu.so[0m
[7.563s] [100%] [32m[1mLinking CXX shared library rosidl_generator_py/boot_shutdown_api_msgs/boot_shutdown_api_msgs_s__rosidl_typesupport_fastrtps_c.cpython-38-x86_64-linux-gnu.so[0m
[7.620s] [100%] Built target boot_shutdown_api_msgs__rosidl_typesupport_c__pyext
[7.620s] [100%] Built target boot_shutdown_api_msgs__rosidl_typesupport_introspection_c__pyext
[7.652s] [100%] Built target boot_shutdown_api_msgs__rosidl_typesupport_fastrtps_c__pyext
[7.672s] Invoked command in '/home/ito/boot_shutdown_tools/build/boot_shutdown_api_msgs' returned '0': CMAKE_PREFIX_PATH=${CMAKE_PREFIX_PATH}:/home/ito/autoware/install/scenario_test_runner:/home/ito/autoware/install/simulator_compatibility_test:/home/ito/autoware/install/openscenario_utility:/opt/ros/galactic /usr/bin/cmake --build /home/ito/boot_shutdown_tools/build/boot_shutdown_api_msgs -- -j12 -l12
[8.059s] Invoking command in '/home/ito/boot_shutdown_tools/build/boot_shutdown_api_msgs': CMAKE_PREFIX_PATH=${CMAKE_PREFIX_PATH}:/home/ito/autoware/install/scenario_test_runner:/home/ito/autoware/install/simulator_compatibility_test:/home/ito/autoware/install/openscenario_utility:/opt/ros/galactic /usr/bin/cmake --install /home/ito/boot_shutdown_tools/build/boot_shutdown_api_msgs
[8.076s] -- Install configuration: "Release"
[8.077s] -- Execute custom install script
[8.077s] -- Symlinking: /home/ito/boot_shutdown_tools/install/boot_shutdown_api_msgs/share/ament_index/resource_index/rosidl_interfaces/boot_shutdown_api_msgs
[8.095s] -- Symlinking: /home/ito/boot_shutdown_tools/install/boot_shutdown_api_msgs/include/boot_shutdown_api_msgs/msg/detail/ecu_state__functions.h
[8.113s] -- Symlinking: /home/ito/boot_shutdown_tools/install/boot_shutdown_api_msgs/include/boot_shutdown_api_msgs/msg/detail/ecu_state__struct.h
[8.130s] -- Symlinking: /home/ito/boot_shutdown_tools/install/boot_shutdown_api_msgs/include/boot_shutdown_api_msgs/msg/detail/ecu_state__type_support.h
[8.149s] -- Symlinking: /home/ito/boot_shutdown_tools/install/boot_shutdown_api_msgs/include/boot_shutdown_api_msgs/msg/detail/ecu_state_summary__functions.h
[8.166s] -- Symlinking: /home/ito/boot_shutdown_tools/install/boot_shutdown_api_msgs/include/boot_shutdown_api_msgs/msg/detail/ecu_state_summary__struct.h
[8.185s] -- Symlinking: /home/ito/boot_shutdown_tools/install/boot_shutdown_api_msgs/include/boot_shutdown_api_msgs/msg/detail/ecu_state_summary__type_support.h
[8.203s] -- Symlinking: /home/ito/boot_shutdown_tools/install/boot_shutdown_api_msgs/include/boot_shutdown_api_msgs/msg/ecu_state.h
[8.222s] -- Symlinking: /home/ito/boot_shutdown_tools/install/boot_shutdown_api_msgs/include/boot_shutdown_api_msgs/msg/ecu_state_summary.h
[8.240s] -- Symlinking: /home/ito/boot_shutdown_tools/install/boot_shutdown_api_msgs/include/boot_shutdown_api_msgs/msg/rosidl_generator_c__visibility_control.h
[8.261s] -- Symlinking: /home/ito/boot_shutdown_tools/install/boot_shutdown_api_msgs/include/boot_shutdown_api_msgs/srv/detail/execute_shutdown__functions.h
[8.278s] -- Symlinking: /home/ito/boot_shutdown_tools/install/boot_shutdown_api_msgs/include/boot_shutdown_api_msgs/srv/detail/execute_shutdown__struct.h
[8.298s] -- Symlinking: /home/ito/boot_shutdown_tools/install/boot_shutdown_api_msgs/include/boot_shutdown_api_msgs/srv/detail/execute_shutdown__type_support.h
[8.315s] -- Symlinking: /home/ito/boot_shutdown_tools/install/boot_shutdown_api_msgs/include/boot_shutdown_api_msgs/srv/detail/prepare_shutdown__functions.h
[8.334s] -- Symlinking: /home/ito/boot_shutdown_tools/install/boot_shutdown_api_msgs/include/boot_shutdown_api_msgs/srv/detail/prepare_shutdown__struct.h
[8.352s] -- Symlinking: /home/ito/boot_shutdown_tools/install/boot_shutdown_api_msgs/include/boot_shutdown_api_msgs/srv/detail/prepare_shutdown__type_support.h
[8.370s] -- Symlinking: /home/ito/boot_shutdown_tools/install/boot_shutdown_api_msgs/include/boot_shutdown_api_msgs/srv/detail/shutdown__functions.h
[8.387s] -- Symlinking: /home/ito/boot_shutdown_tools/install/boot_shutdown_api_msgs/include/boot_shutdown_api_msgs/srv/detail/shutdown__struct.h
[8.405s] -- Symlinking: /home/ito/boot_shutdown_tools/install/boot_shutdown_api_msgs/include/boot_shutdown_api_msgs/srv/detail/shutdown__type_support.h
[8.423s] -- Symlinking: /home/ito/boot_shutdown_tools/install/boot_shutdown_api_msgs/include/boot_shutdown_api_msgs/srv/execute_shutdown.h
[8.441s] -- Symlinking: /home/ito/boot_shutdown_tools/install/boot_shutdown_api_msgs/include/boot_shutdown_api_msgs/srv/prepare_shutdown.h
[8.459s] -- Symlinking: /home/ito/boot_shutdown_tools/install/boot_shutdown_api_msgs/include/boot_shutdown_api_msgs/srv/shutdown.h
[8.477s] -- Symlinking: /home/ito/boot_shutdown_tools/install/boot_shutdown_api_msgs/share/boot_shutdown_api_msgs/environment/library_path.sh
[8.494s] -- Symlinking: /home/ito/boot_shutdown_tools/install/boot_shutdown_api_msgs/share/boot_shutdown_api_msgs/environment/library_path.dsv
[8.513s] -- Symlinking: /home/ito/boot_shutdown_tools/install/boot_shutdown_api_msgs/include/boot_shutdown_api_msgs/msg/detail/ecu_state__rosidl_typesupport_fastrtps_c.h
[8.530s] -- Symlinking: /home/ito/boot_shutdown_tools/install/boot_shutdown_api_msgs/include/boot_shutdown_api_msgs/msg/detail/ecu_state_summary__rosidl_typesupport_fastrtps_c.h
[8.550s] -- Symlinking: /home/ito/boot_shutdown_tools/install/boot_shutdown_api_msgs/include/boot_shutdown_api_msgs/msg/rosidl_typesupport_fastrtps_c__visibility_control.h
[8.567s] -- Symlinking: /home/ito/boot_shutdown_tools/install/boot_shutdown_api_msgs/include/boot_shutdown_api_msgs/srv/detail/execute_shutdown__rosidl_typesupport_fastrtps_c.h
[8.585s] -- Symlinking: /home/ito/boot_shutdown_tools/install/boot_shutdown_api_msgs/include/boot_shutdown_api_msgs/srv/detail/prepare_shutdown__rosidl_typesupport_fastrtps_c.h
[8.603s] -- Symlinking: /home/ito/boot_shutdown_tools/install/boot_shutdown_api_msgs/include/boot_shutdown_api_msgs/srv/detail/shutdown__rosidl_typesupport_fastrtps_c.h
[8.623s] -- Symlinking: /home/ito/boot_shutdown_tools/install/boot_shutdown_api_msgs/lib/libboot_shutdown_api_msgs__rosidl_typesupport_fastrtps_c.so
[8.641s] -- Symlinking: /home/ito/boot_shutdown_tools/install/boot_shutdown_api_msgs/include/boot_shutdown_api_msgs/msg/detail/ecu_state__rosidl_typesupport_fastrtps_cpp.hpp
[8.661s] -- Symlinking: /home/ito/boot_shutdown_tools/install/boot_shutdown_api_msgs/include/boot_shutdown_api_msgs/msg/detail/ecu_state_summary__rosidl_typesupport_fastrtps_cpp.hpp
[8.678s] -- Symlinking: /home/ito/boot_shutdown_tools/install/boot_shutdown_api_msgs/include/boot_shutdown_api_msgs/msg/rosidl_typesupport_fastrtps_cpp__visibility_control.h
[8.697s] -- Symlinking: /home/ito/boot_shutdown_tools/install/boot_shutdown_api_msgs/include/boot_shutdown_api_msgs/srv/detail/execute_shutdown__rosidl_typesupport_fastrtps_cpp.hpp
[8.715s] -- Symlinking: /home/ito/boot_shutdown_tools/install/boot_shutdown_api_msgs/include/boot_shutdown_api_msgs/srv/detail/prepare_shutdown__rosidl_typesupport_fastrtps_cpp.hpp
[8.733s] -- Symlinking: /home/ito/boot_shutdown_tools/install/boot_shutdown_api_msgs/include/boot_shutdown_api_msgs/srv/detail/shutdown__rosidl_typesupport_fastrtps_cpp.hpp
[8.752s] -- Symlinking: /home/ito/boot_shutdown_tools/install/boot_shutdown_api_msgs/lib/libboot_shutdown_api_msgs__rosidl_typesupport_fastrtps_cpp.so
[8.770s] -- Symlinking: /home/ito/boot_shutdown_tools/install/boot_shutdown_api_msgs/include/boot_shutdown_api_msgs/msg/detail/ecu_state__rosidl_typesupport_introspection_c.h
[8.788s] -- Symlinking: /home/ito/boot_shutdown_tools/install/boot_shutdown_api_msgs/include/boot_shutdown_api_msgs/msg/detail/ecu_state_summary__rosidl_typesupport_introspection_c.h
[8.806s] -- Symlinking: /home/ito/boot_shutdown_tools/install/boot_shutdown_api_msgs/include/boot_shutdown_api_msgs/msg/rosidl_typesupport_introspection_c__visibility_control.h
[8.833s] -- Symlinking: /home/ito/boot_shutdown_tools/install/boot_shutdown_api_msgs/include/boot_shutdown_api_msgs/srv/detail/execute_shutdown__rosidl_typesupport_introspection_c.h
[8.885s] -- Symlinking: /home/ito/boot_shutdown_tools/install/boot_shutdown_api_msgs/include/boot_shutdown_api_msgs/srv/detail/prepare_shutdown__rosidl_typesupport_introspection_c.h
[8.904s] -- Symlinking: /home/ito/boot_shutdown_tools/install/boot_shutdown_api_msgs/include/boot_shutdown_api_msgs/srv/detail/shutdown__rosidl_typesupport_introspection_c.h
[8.924s] -- Symlinking: /home/ito/boot_shutdown_tools/install/boot_shutdown_api_msgs/include/boot_shutdown_api_msgs/msg/detail/ecu_state__builder.hpp
[8.942s] -- Symlinking: /home/ito/boot_shutdown_tools/install/boot_shutdown_api_msgs/include/boot_shutdown_api_msgs/msg/detail/ecu_state__struct.hpp
[8.960s] -- Symlinking: /home/ito/boot_shutdown_tools/install/boot_shutdown_api_msgs/include/boot_shutdown_api_msgs/msg/detail/ecu_state__traits.hpp
[8.979s] -- Symlinking: /home/ito/boot_shutdown_tools/install/boot_shutdown_api_msgs/include/boot_shutdown_api_msgs/msg/detail/ecu_state_summary__builder.hpp
[8.999s] -- Symlinking: /home/ito/boot_shutdown_tools/install/boot_shutdown_api_msgs/include/boot_shutdown_api_msgs/msg/detail/ecu_state_summary__struct.hpp
[9.018s] -- Symlinking: /home/ito/boot_shutdown_tools/install/boot_shutdown_api_msgs/include/boot_shutdown_api_msgs/msg/detail/ecu_state_summary__traits.hpp
[9.036s] -- Symlinking: /home/ito/boot_shutdown_tools/install/boot_shutdown_api_msgs/include/boot_shutdown_api_msgs/msg/ecu_state.hpp
[9.055s] -- Symlinking: /home/ito/boot_shutdown_tools/install/boot_shutdown_api_msgs/include/boot_shutdown_api_msgs/msg/ecu_state_summary.hpp
[9.074s] -- Symlinking: /home/ito/boot_shutdown_tools/install/boot_shutdown_api_msgs/include/boot_shutdown_api_msgs/srv/detail/execute_shutdown__builder.hpp
[9.094s] -- Symlinking: /home/ito/boot_shutdown_tools/install/boot_shutdown_api_msgs/include/boot_shutdown_api_msgs/srv/detail/execute_shutdown__struct.hpp
[9.111s] -- Symlinking: /home/ito/boot_shutdown_tools/install/boot_shutdown_api_msgs/include/boot_shutdown_api_msgs/srv/detail/execute_shutdown__traits.hpp
[9.131s] -- Symlinking: /home/ito/boot_shutdown_tools/install/boot_shutdown_api_msgs/include/boot_shutdown_api_msgs/srv/detail/prepare_shutdown__builder.hpp
[9.148s] -- Symlinking: /home/ito/boot_shutdown_tools/install/boot_shutdown_api_msgs/include/boot_shutdown_api_msgs/srv/detail/prepare_shutdown__struct.hpp
[9.168s] -- Symlinking: /home/ito/boot_shutdown_tools/install/boot_shutdown_api_msgs/include/boot_shutdown_api_msgs/srv/detail/prepare_shutdown__traits.hpp
[9.186s] -- Symlinking: /home/ito/boot_shutdown_tools/install/boot_shutdown_api_msgs/include/boot_shutdown_api_msgs/srv/detail/shutdown__builder.hpp
[9.203s] -- Symlinking: /home/ito/boot_shutdown_tools/install/boot_shutdown_api_msgs/include/boot_shutdown_api_msgs/srv/detail/shutdown__struct.hpp
[9.223s] -- Symlinking: /home/ito/boot_shutdown_tools/install/boot_shutdown_api_msgs/include/boot_shutdown_api_msgs/srv/detail/shutdown__traits.hpp
[9.240s] -- Symlinking: /home/ito/boot_shutdown_tools/install/boot_shutdown_api_msgs/include/boot_shutdown_api_msgs/srv/execute_shutdown.hpp
[9.259s] -- Symlinking: /home/ito/boot_shutdown_tools/install/boot_shutdown_api_msgs/include/boot_shutdown_api_msgs/srv/prepare_shutdown.hpp
[9.278s] -- Symlinking: /home/ito/boot_shutdown_tools/install/boot_shutdown_api_msgs/include/boot_shutdown_api_msgs/srv/shutdown.hpp
[9.295s] -- Symlinking: /home/ito/boot_shutdown_tools/install/boot_shutdown_api_msgs/include/boot_shutdown_api_msgs/msg/detail/ecu_state__rosidl_typesupport_introspection_cpp.hpp
[9.312s] -- Symlinking: /home/ito/boot_shutdown_tools/install/boot_shutdown_api_msgs/include/boot_shutdown_api_msgs/msg/detail/ecu_state_summary__rosidl_typesupport_introspection_cpp.hpp
[9.330s] -- Symlinking: /home/ito/boot_shutdown_tools/install/boot_shutdown_api_msgs/include/boot_shutdown_api_msgs/srv/detail/execute_shutdown__rosidl_typesupport_introspection_cpp.hpp
[9.350s] -- Symlinking: /home/ito/boot_shutdown_tools/install/boot_shutdown_api_msgs/include/boot_shutdown_api_msgs/srv/detail/prepare_shutdown__rosidl_typesupport_introspection_cpp.hpp
[9.369s] -- Symlinking: /home/ito/boot_shutdown_tools/install/boot_shutdown_api_msgs/include/boot_shutdown_api_msgs/srv/detail/shutdown__rosidl_typesupport_introspection_cpp.hpp
[9.388s] -- Symlinking: /home/ito/boot_shutdown_tools/install/boot_shutdown_api_msgs/share/boot_shutdown_api_msgs/environment/pythonpath.sh
[9.406s] -- Symlinking: /home/ito/boot_shutdown_tools/install/boot_shutdown_api_msgs/share/boot_shutdown_api_msgs/environment/pythonpath.dsv
[9.425s] -- Symlinking: /home/ito/boot_shutdown_tools/install/boot_shutdown_api_msgs/lib/python3.8/site-packages/boot_shutdown_api_msgs/__init__.py
[9.445s] -- Symlinking: /home/ito/boot_shutdown_tools/install/boot_shutdown_api_msgs/lib/python3.8/site-packages/boot_shutdown_api_msgs/msg/__init__.py
[9.464s] -- Symlinking: /home/ito/boot_shutdown_tools/install/boot_shutdown_api_msgs/lib/python3.8/site-packages/boot_shutdown_api_msgs/msg/_ecu_state.py
[9.482s] -- Symlinking: /home/ito/boot_shutdown_tools/install/boot_shutdown_api_msgs/lib/python3.8/site-packages/boot_shutdown_api_msgs/msg/_ecu_state_summary.py
[9.502s] -- Symlinking: /home/ito/boot_shutdown_tools/install/boot_shutdown_api_msgs/lib/python3.8/site-packages/boot_shutdown_api_msgs/srv/__init__.py
[9.519s] -- Symlinking: /home/ito/boot_shutdown_tools/install/boot_shutdown_api_msgs/lib/python3.8/site-packages/boot_shutdown_api_msgs/srv/_execute_shutdown.py
[9.537s] -- Symlinking: /home/ito/boot_shutdown_tools/install/boot_shutdown_api_msgs/lib/python3.8/site-packages/boot_shutdown_api_msgs/srv/_prepare_shutdown.py
[9.555s] -- Symlinking: /home/ito/boot_shutdown_tools/install/boot_shutdown_api_msgs/lib/python3.8/site-packages/boot_shutdown_api_msgs/srv/_shutdown.py
[9.576s] -- Symlinking: /home/ito/boot_shutdown_tools/install/boot_shutdown_api_msgs/lib/python3.8/site-packages/boot_shutdown_api_msgs/boot_shutdown_api_msgs_s__rosidl_typesupport_fastrtps_c.cpython-38-x86_64-linux-gnu.so
[9.593s] -- Symlinking: /home/ito/boot_shutdown_tools/install/boot_shutdown_api_msgs/lib/python3.8/site-packages/boot_shutdown_api_msgs/boot_shutdown_api_msgs_s__rosidl_typesupport_introspection_c.cpython-38-x86_64-linux-gnu.so
[9.610s] -- Symlinking: /home/ito/boot_shutdown_tools/install/boot_shutdown_api_msgs/lib/python3.8/site-packages/boot_shutdown_api_msgs/boot_shutdown_api_msgs_s__rosidl_typesupport_c.cpython-38-x86_64-linux-gnu.so
[9.629s] -- Symlinking: /home/ito/boot_shutdown_tools/install/boot_shutdown_api_msgs/lib/libboot_shutdown_api_msgs__python.so
[9.645s] -- Symlinking: /home/ito/boot_shutdown_tools/install/boot_shutdown_api_msgs/share/boot_shutdown_api_msgs/msg/EcuState.idl
[9.665s] -- Symlinking: /home/ito/boot_shutdown_tools/install/boot_shutdown_api_msgs/share/boot_shutdown_api_msgs/msg/EcuStateSummary.idl
[9.683s] -- Symlinking: /home/ito/boot_shutdown_tools/install/boot_shutdown_api_msgs/share/boot_shutdown_api_msgs/srv/ExecuteShutdown.idl
[9.702s] -- Symlinking: /home/ito/boot_shutdown_tools/install/boot_shutdown_api_msgs/share/boot_shutdown_api_msgs/srv/PrepareShutdown.idl
[9.719s] -- Symlinking: /home/ito/boot_shutdown_tools/install/boot_shutdown_api_msgs/share/boot_shutdown_api_msgs/srv/Shutdown.idl
[9.737s] -- Symlinking: /home/ito/boot_shutdown_tools/install/boot_shutdown_api_msgs/share/boot_shutdown_api_msgs/msg/EcuState.msg
[9.756s] -- Symlinking: /home/ito/boot_shutdown_tools/install/boot_shutdown_api_msgs/share/boot_shutdown_api_msgs/msg/EcuStateSummary.msg
[9.773s] -- Symlinking: /home/ito/boot_shutdown_tools/install/boot_shutdown_api_msgs/share/boot_shutdown_api_msgs/srv/ExecuteShutdown.srv
[9.791s] -- Symlinking: /home/ito/boot_shutdown_tools/install/boot_shutdown_api_msgs/share/boot_shutdown_api_msgs/srv/ExecuteShutdown_Request.msg
[9.810s] -- Symlinking: /home/ito/boot_shutdown_tools/install/boot_shutdown_api_msgs/share/boot_shutdown_api_msgs/srv/ExecuteShutdown_Response.msg
[9.827s] -- Symlinking: /home/ito/boot_shutdown_tools/install/boot_shutdown_api_msgs/share/boot_shutdown_api_msgs/srv/PrepareShutdown.srv
[9.844s] -- Symlinking: /home/ito/boot_shutdown_tools/install/boot_shutdown_api_msgs/share/boot_shutdown_api_msgs/srv/PrepareShutdown_Request.msg
[9.862s] -- Symlinking: /home/ito/boot_shutdown_tools/install/boot_shutdown_api_msgs/share/boot_shutdown_api_msgs/srv/PrepareShutdown_Response.msg
[9.879s] -- Symlinking: /home/ito/boot_shutdown_tools/install/boot_shutdown_api_msgs/share/boot_shutdown_api_msgs/srv/Shutdown.srv
[9.896s] -- Symlinking: /home/ito/boot_shutdown_tools/install/boot_shutdown_api_msgs/share/boot_shutdown_api_msgs/srv/Shutdown_Request.msg
[9.914s] -- Symlinking: /home/ito/boot_shutdown_tools/install/boot_shutdown_api_msgs/share/boot_shutdown_api_msgs/srv/Shutdown_Response.msg
[9.933s] -- Symlinking: /home/ito/boot_shutdown_tools/install/boot_shutdown_api_msgs/share/ament_index/resource_index/package_run_dependencies/boot_shutdown_api_msgs
[9.951s] -- Symlinking: /home/ito/boot_shutdown_tools/install/boot_shutdown_api_msgs/share/ament_index/resource_index/parent_prefix_path/boot_shutdown_api_msgs
[9.969s] -- Symlinking: /home/ito/boot_shutdown_tools/install/boot_shutdown_api_msgs/share/boot_shutdown_api_msgs/environment/ament_prefix_path.sh
[9.987s] -- Symlinking: /home/ito/boot_shutdown_tools/install/boot_shutdown_api_msgs/share/boot_shutdown_api_msgs/environment/ament_prefix_path.dsv
[10.004s] -- Symlinking: /home/ito/boot_shutdown_tools/install/boot_shutdown_api_msgs/share/boot_shutdown_api_msgs/environment/path.sh
[10.021s] -- Symlinking: /home/ito/boot_shutdown_tools/install/boot_shutdown_api_msgs/share/boot_shutdown_api_msgs/environment/path.dsv
[10.039s] -- Symlinking: /home/ito/boot_shutdown_tools/install/boot_shutdown_api_msgs/share/boot_shutdown_api_msgs/local_setup.bash
[10.057s] -- Symlinking: /home/ito/boot_shutdown_tools/install/boot_shutdown_api_msgs/share/boot_shutdown_api_msgs/local_setup.sh
[10.076s] -- Symlinking: /home/ito/boot_shutdown_tools/install/boot_shutdown_api_msgs/share/boot_shutdown_api_msgs/local_setup.zsh
[10.096s] -- Symlinking: /home/ito/boot_shutdown_tools/install/boot_shutdown_api_msgs/share/boot_shutdown_api_msgs/local_setup.dsv
[10.114s] -- Symlinking: /home/ito/boot_shutdown_tools/install/boot_shutdown_api_msgs/share/boot_shutdown_api_msgs/package.dsv
[10.131s] -- Symlinking: /home/ito/boot_shutdown_tools/install/boot_shutdown_api_msgs/share/ament_index/resource_index/packages/boot_shutdown_api_msgs
[10.150s] -- Symlinking: /home/ito/boot_shutdown_tools/install/boot_shutdown_api_msgs/share/boot_shutdown_api_msgs/cmake/rosidl_cmake-extras.cmake
[10.168s] -- Symlinking: /home/ito/boot_shutdown_tools/install/boot_shutdown_api_msgs/share/boot_shutdown_api_msgs/cmake/ament_cmake_export_dependencies-extras.cmake
[10.185s] -- Symlinking: /home/ito/boot_shutdown_tools/install/boot_shutdown_api_msgs/share/boot_shutdown_api_msgs/cmake/ament_cmake_export_libraries-extras.cmake
[10.204s] -- Symlinking: /home/ito/boot_shutdown_tools/install/boot_shutdown_api_msgs/share/boot_shutdown_api_msgs/cmake/ament_cmake_export_targets-extras.cmake
[10.224s] -- Symlinking: /home/ito/boot_shutdown_tools/install/boot_shutdown_api_msgs/share/boot_shutdown_api_msgs/cmake/ament_cmake_export_include_directories-extras.cmake
[10.242s] -- Symlinking: /home/ito/boot_shutdown_tools/install/boot_shutdown_api_msgs/share/boot_shutdown_api_msgs/cmake/rosidl_cmake_export_typesupport_libraries-extras.cmake
[10.260s] -- Symlinking: /home/ito/boot_shutdown_tools/install/boot_shutdown_api_msgs/share/boot_shutdown_api_msgs/cmake/rosidl_cmake_export_typesupport_targets-extras.cmake
[10.280s] -- Symlinking: /home/ito/boot_shutdown_tools/install/boot_shutdown_api_msgs/share/boot_shutdown_api_msgs/cmake/boot_shutdown_api_msgsConfig.cmake
[10.301s] -- Symlinking: /home/ito/boot_shutdown_tools/install/boot_shutdown_api_msgs/share/boot_shutdown_api_msgs/cmake/boot_shutdown_api_msgsConfig-version.cmake
[10.319s] -- Symlinking: /home/ito/boot_shutdown_tools/install/boot_shutdown_api_msgs/share/boot_shutdown_api_msgs/package.xml
[10.337s] -- Installing: /home/ito/boot_shutdown_tools/install/boot_shutdown_api_msgs/lib/libboot_shutdown_api_msgs__rosidl_generator_c.so
[10.337s] -- Set runtime path of "/home/ito/boot_shutdown_tools/install/boot_shutdown_api_msgs/lib/libboot_shutdown_api_msgs__rosidl_generator_c.so" to ""
[10.337s] -- Installing: /home/ito/boot_shutdown_tools/install/boot_shutdown_api_msgs/lib/libboot_shutdown_api_msgs__rosidl_typesupport_introspection_c.so
[10.338s] -- Set runtime path of "/home/ito/boot_shutdown_tools/install/boot_shutdown_api_msgs/lib/libboot_shutdown_api_msgs__rosidl_typesupport_introspection_c.so" to ""
[10.338s] -- Installing: /home/ito/boot_shutdown_tools/install/boot_shutdown_api_msgs/lib/libboot_shutdown_api_msgs__rosidl_typesupport_c.so
[10.338s] -- Set runtime path of "/home/ito/boot_shutdown_tools/install/boot_shutdown_api_msgs/lib/libboot_shutdown_api_msgs__rosidl_typesupport_c.so" to ""
[10.338s] -- Installing: /home/ito/boot_shutdown_tools/install/boot_shutdown_api_msgs/lib/libboot_shutdown_api_msgs__rosidl_typesupport_introspection_cpp.so
[10.338s] -- Set runtime path of "/home/ito/boot_shutdown_tools/install/boot_shutdown_api_msgs/lib/libboot_shutdown_api_msgs__rosidl_typesupport_introspection_cpp.so" to ""
[10.338s] -- Installing: /home/ito/boot_shutdown_tools/install/boot_shutdown_api_msgs/lib/libboot_shutdown_api_msgs__rosidl_typesupport_cpp.so
[10.339s] -- Set runtime path of "/home/ito/boot_shutdown_tools/install/boot_shutdown_api_msgs/lib/libboot_shutdown_api_msgs__rosidl_typesupport_cpp.so" to ""
[10.384s] Compiling '/home/ito/boot_shutdown_tools/install/boot_shutdown_api_msgs/lib/python3.8/site-packages/boot_shutdown_api_msgs/__init__.py'...
[10.387s] -- Installing: /home/ito/boot_shutdown_tools/install/boot_shutdown_api_msgs/share/boot_shutdown_api_msgs/cmake/boot_shutdown_api_msgs__rosidl_generator_cExport.cmake
[10.387s] -- Installing: /home/ito/boot_shutdown_tools/install/boot_shutdown_api_msgs/share/boot_shutdown_api_msgs/cmake/boot_shutdown_api_msgs__rosidl_generator_cExport-release.cmake
[10.387s] -- Installing: /home/ito/boot_shutdown_tools/install/boot_shutdown_api_msgs/share/boot_shutdown_api_msgs/cmake/boot_shutdown_api_msgs__rosidl_typesupport_introspection_cExport.cmake
[10.388s] -- Installing: /home/ito/boot_shutdown_tools/install/boot_shutdown_api_msgs/share/boot_shutdown_api_msgs/cmake/boot_shutdown_api_msgs__rosidl_typesupport_introspection_cExport-release.cmake
[10.388s] -- Installing: /home/ito/boot_shutdown_tools/install/boot_shutdown_api_msgs/share/boot_shutdown_api_msgs/cmake/boot_shutdown_api_msgs__rosidl_typesupport_cExport.cmake
[10.388s] -- Installing: /home/ito/boot_shutdown_tools/install/boot_shutdown_api_msgs/share/boot_shutdown_api_msgs/cmake/boot_shutdown_api_msgs__rosidl_typesupport_cExport-release.cmake
[10.388s] -- Installing: /home/ito/boot_shutdown_tools/install/boot_shutdown_api_msgs/share/boot_shutdown_api_msgs/cmake/boot_shutdown_api_msgs__rosidl_generator_cppExport.cmake
[10.388s] -- Installing: /home/ito/boot_shutdown_tools/install/boot_shutdown_api_msgs/share/boot_shutdown_api_msgs/cmake/boot_shutdown_api_msgs__rosidl_typesupport_introspection_cppExport.cmake
[10.388s] -- Installing: /home/ito/boot_shutdown_tools/install/boot_shutdown_api_msgs/share/boot_shutdown_api_msgs/cmake/boot_shutdown_api_msgs__rosidl_typesupport_introspection_cppExport-release.cmake
[10.388s] -- Installing: /home/ito/boot_shutdown_tools/install/boot_shutdown_api_msgs/share/boot_shutdown_api_msgs/cmake/boot_shutdown_api_msgs__rosidl_typesupport_cppExport.cmake
[10.389s] -- Installing: /home/ito/boot_shutdown_tools/install/boot_shutdown_api_msgs/share/boot_shutdown_api_msgs/cmake/boot_shutdown_api_msgs__rosidl_typesupport_cppExport-release.cmake
[10.392s] Invoked command in '/home/ito/boot_shutdown_tools/build/boot_shutdown_api_msgs' returned '0': CMAKE_PREFIX_PATH=${CMAKE_PREFIX_PATH}:/home/ito/autoware/install/scenario_test_runner:/home/ito/autoware/install/simulator_compatibility_test:/home/ito/autoware/install/openscenario_utility:/opt/ros/galactic /usr/bin/cmake --install /home/ito/boot_shutdown_tools/build/boot_shutdown_api_msgs
