-- The C compiler identification is GNU 9.4.0
-- The CXX compiler identification is GNU 9.4.0
-- Check for working C compiler: /usr/bin/cc
-- Check for working C compiler: /usr/bin/cc -- works
-- Detecting C compiler ABI info
-- Detecting C compiler ABI info - done
-- Detecting C compile features
-- Detecting C compile features - done
-- Check for working CXX compiler: /usr/bin/c++
-- Check for working CXX compiler: /usr/bin/c++ -- works
-- Detecting CXX compiler ABI info
-- Detecting CXX compiler ABI info - done
-- Detecting CXX compile features
-- Detecting CXX compile features - done
-- Found ament_cmake_auto: 1.1.5 (/opt/ros/galactic/share/ament_cmake_auto/cmake)
-- Found PythonInterp: /usr/bin/python3 (found suitable version "3.8.10", minimum required is "3") 
-- Using PYTHON_EXECUTABLE: /usr/bin/python3
-- Override CMake install command with custom implementation using symlinks instead of copying resources
-- Found Boost: /usr/lib/x86_64-linux-gnu/cmake/Boost-1.71.0/BoostConfig.cmake (found version "1.71.0") found components: serialization system 
-- Using all available rosidl_typesupport_c: rosidl_typesupport_fastrtps_c;rosidl_typesupport_introspection_c
-- Found rosidl_adapter: 2.2.2 (/opt/ros/galactic/share/rosidl_adapter/cmake)
-- Found OpenSSL: /usr/lib/x86_64-linux-gnu/libcrypto.so (found version "1.1.1f")  
-- Found FastRTPS: /opt/ros/galactic/include  
-- Using all available rosidl_typesupport_cpp: rosidl_typesupport_fastrtps_cpp;rosidl_typesupport_introspection_cpp
-- Found rmw_implementation_cmake: 3.3.1 (/opt/ros/galactic/share/rmw_implementation_cmake/cmake)
-- Found rmw_cyclonedds_cpp: 0.22.5 (/opt/ros/galactic/share/rmw_cyclonedds_cpp/cmake)
-- Using RMW implementation 'rmw_cyclonedds_cpp' as default
-- Looking for pthread.h
-- Looking for pthread.h - found
-- Performing Test CMAKE_HAVE_LIBC_PTHREAD
-- Performing Test CMAKE_HAVE_LIBC_PTHREAD - Failed
-- Looking for pthread_create in pthreads
-- Looking for pthread_create in pthreads - not found
-- Looking for pthread_create in pthread
-- Looking for pthread_create in pthread - found
-- Found Threads: TRUE  
-- Configuring done
-- Generating done
-- Build files have been written to: /home/ito/boot_shutdown_tools/build/boot_shutdown_interface
[35m[1mScanning dependencies of target boot_shutdown_guest_lib[0m
[35m[1mScanning dependencies of target boot_shutdown_guest[0m
[35m[1mScanning dependencies of target boot_shutdown_service[0m
[35m[1mScanning dependencies of target boot_shutdown_interface[0m
[ 10%] [32mBuilding CXX object CMakeFiles/boot_shutdown_service.dir/src/service/boot_shutdown_service.cpp.o[0m
[ 20%] [32mBuilding CXX object CMakeFiles/boot_shutdown_service.dir/src/service/boot_shutdown_main.cpp.o[0m
[ 30%] [32mBuilding CXX object CMakeFiles/boot_shutdown_guest.dir/rclcpp_components/node_main_boot_shutdown_guest.cpp.o[0m
[ 40%] [32mBuilding CXX object CMakeFiles/boot_shutdown_interface.dir/src/boot_shutdown_interface_core.cpp.o[0m
[ 50%] [32mBuilding CXX object CMakeFiles/boot_shutdown_interface.dir/src/boot_shutdown_interface_node.cpp.o[0m
[ 60%] [32mBuilding CXX object CMakeFiles/boot_shutdown_guest_lib.dir/src/boot_shutdown_guest.cpp.o[0m
[ 70%] [32m[1mLinking CXX executable boot_shutdown_guest[0m
[ 70%] Built target boot_shutdown_guest
[ 80%] [32m[1mLinking CXX executable boot_shutdown_service[0m
[ 80%] Built target boot_shutdown_service
[ 90%] [32m[1mLinking CXX shared library libboot_shutdown_guest_lib.so[0m
[ 90%] Built target boot_shutdown_guest_lib
[100%] [32m[1mLinking CXX executable boot_shutdown_interface[0m
[100%] Built target boot_shutdown_interface
-- Install configuration: "Release"
-- Execute custom install script
-- Symlinking: /home/ito/boot_shutdown_tools/install/boot_shutdown_interface/lib/boot_shutdown_interface/boot_shutdown_guest
-- Symlinking: /home/ito/boot_shutdown_tools/install/boot_shutdown_interface/include/boot_shutdown_interface/boot_shutdown_guest.hpp
-- Symlinking: /home/ito/boot_shutdown_tools/install/boot_shutdown_interface/include/boot_shutdown_interface/boot_shutdown_interface_core.hpp
-- Symlinking: /home/ito/boot_shutdown_tools/install/boot_shutdown_interface/include/boot_shutdown_interface/service/boot_shutdown_interface.hpp
-- Symlinking: /home/ito/boot_shutdown_tools/install/boot_shutdown_interface/include/boot_shutdown_interface/service/boot_shutdown_service.hpp
-- Symlinking: /home/ito/boot_shutdown_tools/install/boot_shutdown_interface/share/boot_shutdown_interface/environment/library_path.sh
-- Symlinking: /home/ito/boot_shutdown_tools/install/boot_shutdown_interface/share/boot_shutdown_interface/environment/library_path.dsv
-- Symlinking: /home/ito/boot_shutdown_tools/install/boot_shutdown_interface/lib/libboot_shutdown_guest_lib.so
-- Symlinking: /home/ito/boot_shutdown_tools/install/boot_shutdown_interface/lib/boot_shutdown_interface/boot_shutdown_interface
-- Symlinking: /home/ito/boot_shutdown_tools/install/boot_shutdown_interface/lib/boot_shutdown_interface/boot_shutdown_service
-- Symlinking: /home/ito/boot_shutdown_tools/install/boot_shutdown_interface/share/boot_shutdown_interface/config/boot_shutdown.param.yaml
-- Symlinking: /home/ito/boot_shutdown_tools/install/boot_shutdown_interface/share/boot_shutdown_interface/launch/boot_shutdown.launch.xml
-- Symlinking: /home/ito/boot_shutdown_tools/install/boot_shutdown_interface/share/boot_shutdown_interface/launch/boot_shutdown_guest.launch.xml
-- Symlinking: /home/ito/boot_shutdown_tools/install/boot_shutdown_interface/share/ament_index/resource_index/package_run_dependencies/boot_shutdown_interface
-- Symlinking: /home/ito/boot_shutdown_tools/install/boot_shutdown_interface/share/ament_index/resource_index/parent_prefix_path/boot_shutdown_interface
-- Symlinking: /home/ito/boot_shutdown_tools/install/boot_shutdown_interface/share/boot_shutdown_interface/environment/ament_prefix_path.sh
-- Symlinking: /home/ito/boot_shutdown_tools/install/boot_shutdown_interface/share/boot_shutdown_interface/environment/ament_prefix_path.dsv
-- Symlinking: /home/ito/boot_shutdown_tools/install/boot_shutdown_interface/share/boot_shutdown_interface/environment/path.sh
-- Symlinking: /home/ito/boot_shutdown_tools/install/boot_shutdown_interface/share/boot_shutdown_interface/environment/path.dsv
-- Symlinking: /home/ito/boot_shutdown_tools/install/boot_shutdown_interface/share/boot_shutdown_interface/local_setup.bash
-- Symlinking: /home/ito/boot_shutdown_tools/install/boot_shutdown_interface/share/boot_shutdown_interface/local_setup.sh
-- Symlinking: /home/ito/boot_shutdown_tools/install/boot_shutdown_interface/share/boot_shutdown_interface/local_setup.zsh
-- Symlinking: /home/ito/boot_shutdown_tools/install/boot_shutdown_interface/share/boot_shutdown_interface/local_setup.dsv
-- Symlinking: /home/ito/boot_shutdown_tools/install/boot_shutdown_interface/share/boot_shutdown_interface/package.dsv
-- Symlinking: /home/ito/boot_shutdown_tools/install/boot_shutdown_interface/share/ament_index/resource_index/packages/boot_shutdown_interface
-- Symlinking: /home/ito/boot_shutdown_tools/install/boot_shutdown_interface/share/ament_index/resource_index/rclcpp_components/boot_shutdown_interface
-- Symlinking: /home/ito/boot_shutdown_tools/install/boot_shutdown_interface/share/boot_shutdown_interface/cmake/ament_cmake_export_dependencies-extras.cmake
-- Symlinking: /home/ito/boot_shutdown_tools/install/boot_shutdown_interface/share/boot_shutdown_interface/cmake/ament_cmake_export_include_directories-extras.cmake
-- Symlinking: /home/ito/boot_shutdown_tools/install/boot_shutdown_interface/share/boot_shutdown_interface/cmake/ament_cmake_export_libraries-extras.cmake
-- Symlinking: /home/ito/boot_shutdown_tools/install/boot_shutdown_interface/share/boot_shutdown_interface/cmake/boot_shutdown_interfaceConfig.cmake
-- Symlinking: /home/ito/boot_shutdown_tools/install/boot_shutdown_interface/share/boot_shutdown_interface/cmake/boot_shutdown_interfaceConfig-version.cmake
-- Symlinking: /home/ito/boot_shutdown_tools/install/boot_shutdown_interface/share/boot_shutdown_interface/package.xml
