-- Found ament_cmake_auto: 1.1.5 (/opt/ros/galactic/share/ament_cmake_auto/cmake)
-- Using PYTHON_EXECUTABLE: /usr/bin/python3
-- Override CMake install command with custom implementation using symlinks instead of copying resources
-- Found Boost: /usr/lib/x86_64-linux-gnu/cmake/Boost-1.71.0/BoostConfig.cmake (found version "1.71.0") found components: filesystem 
-- Using all available rosidl_typesupport_c: rosidl_typesupport_fastrtps_c;rosidl_typesupport_introspection_c
-- Found rosidl_adapter: 2.2.2 (/opt/ros/galactic/share/rosidl_adapter/cmake)
-- Using all available rosidl_typesupport_cpp: rosidl_typesupport_fastrtps_cpp;rosidl_typesupport_introspection_cpp
-- Found rmw_implementation_cmake: 3.3.1 (/opt/ros/galactic/share/rmw_implementation_cmake/cmake)
-- Found rmw_cyclonedds_cpp: 0.22.5 (/opt/ros/galactic/share/rmw_cyclonedds_cpp/cmake)
-- Using RMW implementation 'rmw_cyclonedds_cpp' as default
-- Configuring done
-- Generating done
-- Build files have been written to: /home/ito/boot_shutdown_tools/build/boot_shutdown_interface
[35m[1mScanning dependencies of target boot_shutdown_interface_node[0m
[35m[1mScanning dependencies of target boot_shutdown_interface[0m
[ 25%] [32mBuilding CXX object CMakeFiles/boot_shutdown_interface.dir/rclcpp_components/node_main_boot_shutdown_interface.cpp.o[0m
[ 50%] [32mBuilding CXX object CMakeFiles/boot_shutdown_interface_node.dir/src/boot_shutdown_interface.cpp.o[0m
[ 75%] [32m[1mLinking CXX executable boot_shutdown_interface[0m
[ 75%] Built target boot_shutdown_interface
[100%] [32m[1mLinking CXX shared library libboot_shutdown_interface_node.so[0m
[100%] Built target boot_shutdown_interface_node
-- Install configuration: "Release"
-- Execute custom install script
-- Up-to-date symlink: /home/ito/boot_shutdown_tools/install/boot_shutdown_interface/lib/boot_shutdown_interface/boot_shutdown_interface
-- Symlinking: /home/ito/boot_shutdown_tools/install/boot_shutdown_interface/include/boot_shutdown_interface/boot_shutdown_interface.hpp
-- Up-to-date symlink: /home/ito/boot_shutdown_tools/install/boot_shutdown_interface/share/boot_shutdown_interface/environment/library_path.sh
-- Up-to-date symlink: /home/ito/boot_shutdown_tools/install/boot_shutdown_interface/share/boot_shutdown_interface/environment/library_path.dsv
-- Symlinking: /home/ito/boot_shutdown_tools/install/boot_shutdown_interface/lib/libboot_shutdown_interface_node.so
-- Up-to-date symlink: /home/ito/boot_shutdown_tools/install/boot_shutdown_interface/share/boot_shutdown_interface/config/boot_shutdown.param.yaml
-- Up-to-date symlink: /home/ito/boot_shutdown_tools/install/boot_shutdown_interface/share/boot_shutdown_interface/launch/boot_shutdown.launch.xml
-- Up-to-date symlink: /home/ito/boot_shutdown_tools/install/boot_shutdown_interface/share/ament_index/resource_index/package_run_dependencies/boot_shutdown_interface
-- Up-to-date symlink: /home/ito/boot_shutdown_tools/install/boot_shutdown_interface/share/ament_index/resource_index/parent_prefix_path/boot_shutdown_interface
-- Up-to-date symlink: /home/ito/boot_shutdown_tools/install/boot_shutdown_interface/share/boot_shutdown_interface/environment/ament_prefix_path.sh
-- Up-to-date symlink: /home/ito/boot_shutdown_tools/install/boot_shutdown_interface/share/boot_shutdown_interface/environment/ament_prefix_path.dsv
-- Up-to-date symlink: /home/ito/boot_shutdown_tools/install/boot_shutdown_interface/share/boot_shutdown_interface/environment/path.sh
-- Up-to-date symlink: /home/ito/boot_shutdown_tools/install/boot_shutdown_interface/share/boot_shutdown_interface/environment/path.dsv
-- Up-to-date symlink: /home/ito/boot_shutdown_tools/install/boot_shutdown_interface/share/boot_shutdown_interface/local_setup.bash
-- Up-to-date symlink: /home/ito/boot_shutdown_tools/install/boot_shutdown_interface/share/boot_shutdown_interface/local_setup.sh
-- Up-to-date symlink: /home/ito/boot_shutdown_tools/install/boot_shutdown_interface/share/boot_shutdown_interface/local_setup.zsh
-- Up-to-date symlink: /home/ito/boot_shutdown_tools/install/boot_shutdown_interface/share/boot_shutdown_interface/local_setup.dsv
-- Symlinking: /home/ito/boot_shutdown_tools/install/boot_shutdown_interface/share/boot_shutdown_interface/package.dsv
-- Up-to-date symlink: /home/ito/boot_shutdown_tools/install/boot_shutdown_interface/share/ament_index/resource_index/packages/boot_shutdown_interface
-- Up-to-date symlink: /home/ito/boot_shutdown_tools/install/boot_shutdown_interface/share/ament_index/resource_index/rclcpp_components/boot_shutdown_interface
-- Up-to-date symlink: /home/ito/boot_shutdown_tools/install/boot_shutdown_interface/share/boot_shutdown_interface/cmake/ament_cmake_export_dependencies-extras.cmake
-- Up-to-date symlink: /home/ito/boot_shutdown_tools/install/boot_shutdown_interface/share/boot_shutdown_interface/cmake/ament_cmake_export_include_directories-extras.cmake
-- Up-to-date symlink: /home/ito/boot_shutdown_tools/install/boot_shutdown_interface/share/boot_shutdown_interface/cmake/ament_cmake_export_libraries-extras.cmake
-- Up-to-date symlink: /home/ito/boot_shutdown_tools/install/boot_shutdown_interface/share/boot_shutdown_interface/cmake/boot_shutdown_interfaceConfig.cmake
-- Up-to-date symlink: /home/ito/boot_shutdown_tools/install/boot_shutdown_interface/share/boot_shutdown_interface/cmake/boot_shutdown_interfaceConfig-version.cmake
-- Up-to-date symlink: /home/ito/boot_shutdown_tools/install/boot_shutdown_interface/share/boot_shutdown_interface/package.xml
